<?xml version="1.0" encoding="utf-8"?>
<CoverageSession xmlns:xsd="http://www.w3.org/2001/XMLSchema" xmlns:xsi="http://www.w3.org/2001/XMLSchema-instance" Version="4.7.922.0">
  <Summary numSequencePoints="1168" visitedSequencePoints="493" numBranchPoints="382" visitedBranchPoints="128" sequenceCoverage="42.21" branchCoverage="33.51" maxCyclomaticComplexity="37" minCyclomaticComplexity="1" maxCrapScore="1406" minCrapScore="1" visitedClasses="10" numClasses="12" visitedMethods="75" numMethods="112" />
  <Modules>
    <Module hash="6F-5A-5A-08-54-8C-7A-5E-BD-9C-8C-DC-13-0A-61-B8-96-1E-9A-C6">
      <Summary numSequencePoints="121" visitedSequencePoints="121" numBranchPoints="3" visitedBranchPoints="3" sequenceCoverage="100" branchCoverage="100" maxCyclomaticComplexity="1" minCyclomaticComplexity="1" maxCrapScore="2" minCrapScore="1" visitedClasses="3" numClasses="3" visitedMethods="3" numMethods="3" />
      <ModulePath>F:\C#\Lab11\Tests\bin\Debug\fine-code-coverage\build-output\Tests.dll</ModulePath>
      <ModuleTime>2021-12-02T16:16:23.1076796Z</ModuleTime>
      <ModuleName>Tests</ModuleName>
      <Files>
        <File uid="1" fullPath="F:\C#\Lab11\Tests\TestPart1.cs" />
        <File uid="2" fullPath="F:\C#\Lab11\Tests\TestPart2.cs" />
        <File uid="3" fullPath="F:\C#\Lab11\Tests\TestPart3.cs" />
      </Files>
      <Classes>
        <Class>
          <Summary numSequencePoints="93" visitedSequencePoints="93" numBranchPoints="1" visitedBranchPoints="1" sequenceCoverage="100" branchCoverage="100" maxCyclomaticComplexity="1" minCyclomaticComplexity="1" maxCrapScore="2" minCrapScore="1" visitedClasses="1" numClasses="1" visitedMethods="1" numMethods="1" />
          <FullName>Tests.TestPart1</FullName>
          <Methods>
            <Method visited="true" cyclomaticComplexity="1" nPathComplexity="0" sequenceCoverage="100" branchCoverage="100" crapScore="1" isConstructor="false" isStatic="false" isGetter="false" isSetter="false">
              <Summary numSequencePoints="93" visitedSequencePoints="93" numBranchPoints="1" visitedBranchPoints="1" sequenceCoverage="100" branchCoverage="100" maxCyclomaticComplexity="1" minCyclomaticComplexity="1" maxCrapScore="1" minCrapScore="1" visitedClasses="0" numClasses="0" visitedMethods="1" numMethods="1" />
              <MetadataToken>100663297</MetadataToken>
              <Name>System.Void Tests.TestPart1::TestMethod1()</Name>
              <FileRef uid="1" />
              <SequencePoints>
                <SequencePoint vc="1" uspid="1" ordinal="0" offset="0" sl="14" sc="9" el="14" ec="10" bec="0" bev="0" fileid="1" />
                <SequencePoint vc="1" uspid="2" ordinal="1" offset="1" sl="16" sc="13" el="16" ec="63" bec="0" bev="0" fileid="1" />
                <SequencePoint vc="1" uspid="3" ordinal="2" offset="7" sl="17" sc="13" el="17" ec="66" bec="0" bev="0" fileid="1" />
                <SequencePoint vc="1" uspid="4" ordinal="3" offset="37" sl="18" sc="13" el="18" ec="86" bec="0" bev="0" fileid="1" />
                <SequencePoint vc="1" uspid="5" ordinal="4" offset="74" sl="19" sc="13" el="19" ec="111" bec="0" bev="0" fileid="1" />
                <SequencePoint vc="1" uspid="6" ordinal="5" offset="121" sl="20" sc="13" el="20" ec="135" bec="0" bev="0" fileid="1" />
                <SequencePoint vc="1" uspid="7" ordinal="6" offset="174" sl="22" sc="13" el="22" ec="85" bec="0" bev="0" fileid="1" />
                <SequencePoint vc="1" uspid="8" ordinal="7" offset="209" sl="23" sc="13" el="23" ec="102" bec="0" bev="0" fileid="1" />
                <SequencePoint vc="1" uspid="9" ordinal="8" offset="251" sl="24" sc="13" el="24" ec="111" bec="0" bev="0" fileid="1" />
                <SequencePoint vc="1" uspid="10" ordinal="9" offset="297" sl="25" sc="13" el="25" ec="139" bec="0" bev="0" fileid="1" />
                <SequencePoint vc="1" uspid="11" ordinal="10" offset="359" sl="26" sc="13" el="27" ec="52" bec="0" bev="0" fileid="1" />
                <SequencePoint vc="1" uspid="12" ordinal="11" offset="427" sl="31" sc="13" el="31" ec="26" bec="0" bev="0" fileid="1" />
                <SequencePoint vc="1" uspid="13" ordinal="12" offset="429" sl="32" sc="13" el="32" ec="55" bec="0" bev="0" fileid="1" />
                <SequencePoint vc="1" uspid="14" ordinal="13" offset="436" sl="34" sc="13" el="34" ec="37" bec="0" bev="0" fileid="1" />
                <SequencePoint vc="1" uspid="15" ordinal="14" offset="442" sl="35" sc="13" el="35" ec="42" bec="0" bev="0" fileid="1" />
                <SequencePoint vc="1" uspid="16" ordinal="15" offset="454" sl="36" sc="13" el="36" ec="57" bec="0" bev="0" fileid="1" />
                <SequencePoint vc="1" uspid="17" ordinal="16" offset="478" sl="37" sc="13" el="37" ec="30" bec="0" bev="0" fileid="1" />
                <SequencePoint vc="1" uspid="18" ordinal="17" offset="490" sl="38" sc="13" el="38" ec="24" bec="0" bev="0" fileid="1" />
                <SequencePoint vc="1" uspid="19" ordinal="18" offset="494" sl="39" sc="13" el="39" ec="23" bec="0" bev="0" fileid="1" />
                <SequencePoint vc="1" uspid="20" ordinal="19" offset="501" sl="39" sc="24" el="39" ec="43" bec="0" bev="0" fileid="1" />
                <SequencePoint vc="1" uspid="21" ordinal="20" offset="508" sl="39" sc="44" el="39" ec="57" bec="0" bev="0" fileid="1" />
                <SequencePoint vc="1" uspid="22" ordinal="21" offset="515" sl="41" sc="13" el="41" ec="35" bec="0" bev="0" fileid="1" />
                <SequencePoint vc="1" uspid="23" ordinal="22" offset="521" sl="42" sc="13" el="42" ec="47" bec="0" bev="0" fileid="1" />
                <SequencePoint vc="1" uspid="24" ordinal="23" offset="533" sl="43" sc="13" el="43" ec="77" bec="0" bev="0" fileid="1" />
                <SequencePoint vc="1" uspid="25" ordinal="24" offset="564" sl="44" sc="13" el="44" ec="24" bec="0" bev="0" fileid="1" />
                <SequencePoint vc="1" uspid="26" ordinal="25" offset="568" sl="45" sc="13" el="45" ec="23" bec="0" bev="0" fileid="1" />
                <SequencePoint vc="1" uspid="27" ordinal="26" offset="575" sl="45" sc="24" el="45" ec="43" bec="0" bev="0" fileid="1" />
                <SequencePoint vc="1" uspid="28" ordinal="27" offset="582" sl="45" sc="44" el="45" ec="57" bec="0" bev="0" fileid="1" />
                <SequencePoint vc="1" uspid="29" ordinal="28" offset="589" sl="47" sc="13" el="47" ec="31" bec="0" bev="0" fileid="1" />
                <SequencePoint vc="1" uspid="30" ordinal="29" offset="595" sl="48" sc="13" el="48" ec="43" bec="0" bev="0" fileid="1" />
                <SequencePoint vc="1" uspid="31" ordinal="30" offset="607" sl="49" sc="13" el="49" ec="102" bec="0" bev="0" fileid="1" />
                <SequencePoint vc="1" uspid="32" ordinal="31" offset="648" sl="50" sc="13" el="50" ec="24" bec="0" bev="0" fileid="1" />
                <SequencePoint vc="1" uspid="33" ordinal="32" offset="652" sl="51" sc="13" el="51" ec="23" bec="0" bev="0" fileid="1" />
                <SequencePoint vc="1" uspid="34" ordinal="33" offset="659" sl="51" sc="24" el="51" ec="43" bec="0" bev="0" fileid="1" />
                <SequencePoint vc="1" uspid="35" ordinal="34" offset="666" sl="51" sc="44" el="51" ec="57" bec="0" bev="0" fileid="1" />
                <SequencePoint vc="1" uspid="36" ordinal="35" offset="673" sl="53" sc="13" el="53" ec="39" bec="0" bev="0" fileid="1" />
                <SequencePoint vc="1" uspid="37" ordinal="36" offset="679" sl="54" sc="13" el="54" ec="51" bec="0" bev="0" fileid="1" />
                <SequencePoint vc="1" uspid="38" ordinal="37" offset="691" sl="55" sc="13" el="55" ec="126" bec="0" bev="0" fileid="1" />
                <SequencePoint vc="1" uspid="39" ordinal="38" offset="738" sl="56" sc="13" el="56" ec="24" bec="0" bev="0" fileid="1" />
                <SequencePoint vc="1" uspid="40" ordinal="39" offset="742" sl="57" sc="13" el="57" ec="44" bec="0" bev="0" fileid="1" />
                <SequencePoint vc="1" uspid="41" ordinal="40" offset="756" sl="58" sc="13" el="58" ec="23" bec="0" bev="0" fileid="1" />
                <SequencePoint vc="1" uspid="42" ordinal="41" offset="763" sl="58" sc="24" el="58" ec="43" bec="0" bev="0" fileid="1" />
                <SequencePoint vc="1" uspid="43" ordinal="42" offset="770" sl="58" sc="44" el="58" ec="57" bec="0" bev="0" fileid="1" />
                <SequencePoint vc="1" uspid="44" ordinal="43" offset="777" sl="61" sc="13" el="61" ec="78" bec="0" bev="0" fileid="1" />
                <SequencePoint vc="1" uspid="45" ordinal="44" offset="809" sl="62" sc="13" el="62" ec="86" bec="0" bev="0" fileid="1" />
                <SequencePoint vc="1" uspid="46" ordinal="45" offset="851" sl="63" sc="13" el="63" ec="87" bec="0" bev="0" fileid="1" />
                <SequencePoint vc="1" uspid="47" ordinal="46" offset="893" sl="64" sc="13" el="64" ec="86" bec="0" bev="0" fileid="1" />
                <SequencePoint vc="1" uspid="48" ordinal="47" offset="935" sl="66" sc="13" el="66" ec="98" bec="0" bev="0" fileid="1" />
                <SequencePoint vc="1" uspid="49" ordinal="48" offset="974" sl="67" sc="13" el="67" ec="111" bec="0" bev="0" fileid="1" />
                <SequencePoint vc="1" uspid="50" ordinal="49" offset="1024" sl="69" sc="13" el="69" ec="123" bec="0" bev="0" fileid="1" />
                <SequencePoint vc="1" uspid="51" ordinal="50" offset="1073" sl="70" sc="13" el="70" ec="132" bec="0" bev="0" fileid="1" />
                <SequencePoint vc="1" uspid="52" ordinal="51" offset="1132" sl="72" sc="13" el="72" ec="147" bec="0" bev="0" fileid="1" />
                <SequencePoint vc="1" uspid="53" ordinal="52" offset="1187" sl="73" sc="13" el="73" ec="164" bec="0" bev="0" fileid="1" />
                <SequencePoint vc="1" uspid="54" ordinal="53" offset="1252" sl="76" sc="13" el="76" ec="49" bec="0" bev="0" fileid="1" />
                <SequencePoint vc="1" uspid="55" ordinal="54" offset="1264" sl="77" sc="13" el="77" ec="101" bec="0" bev="0" fileid="1" />
                <SequencePoint vc="1" uspid="56" ordinal="55" offset="1295" sl="78" sc="13" el="78" ec="111" bec="0" bev="0" fileid="1" />
                <SequencePoint vc="1" uspid="57" ordinal="56" offset="1344" sl="81" sc="13" el="81" ec="22" bec="0" bev="0" fileid="1" />
                <SequencePoint vc="1" uspid="58" ordinal="57" offset="1346" sl="82" sc="13" el="82" ec="41" bec="0" bev="0" fileid="1" />
                <SequencePoint vc="1" uspid="59" ordinal="58" offset="1355" sl="83" sc="13" el="83" ec="44" bec="0" bev="0" fileid="1" />
                <SequencePoint vc="1" uspid="60" ordinal="59" offset="1367" sl="84" sc="13" el="84" ec="42" bec="0" bev="0" fileid="1" />
                <SequencePoint vc="1" uspid="61" ordinal="60" offset="1377" sl="86" sc="13" el="86" ec="22" bec="0" bev="0" fileid="1" />
                <SequencePoint vc="1" uspid="62" ordinal="61" offset="1379" sl="87" sc="13" el="87" ec="33" bec="0" bev="0" fileid="1" />
                <SequencePoint vc="1" uspid="63" ordinal="62" offset="1388" sl="88" sc="13" el="88" ec="36" bec="0" bev="0" fileid="1" />
                <SequencePoint vc="1" uspid="64" ordinal="63" offset="1400" sl="89" sc="13" el="89" ec="42" bec="0" bev="0" fileid="1" />
                <SequencePoint vc="1" uspid="65" ordinal="64" offset="1410" sl="91" sc="13" el="91" ec="22" bec="0" bev="0" fileid="1" />
                <SequencePoint vc="1" uspid="66" ordinal="65" offset="1412" sl="92" sc="13" el="92" ec="37" bec="0" bev="0" fileid="1" />
                <SequencePoint vc="1" uspid="67" ordinal="66" offset="1421" sl="93" sc="13" el="93" ec="40" bec="0" bev="0" fileid="1" />
                <SequencePoint vc="1" uspid="68" ordinal="67" offset="1433" sl="94" sc="13" el="94" ec="42" bec="0" bev="0" fileid="1" />
                <SequencePoint vc="1" uspid="69" ordinal="68" offset="1443" sl="96" sc="13" el="96" ec="22" bec="0" bev="0" fileid="1" />
                <SequencePoint vc="1" uspid="70" ordinal="69" offset="1445" sl="97" sc="13" el="97" ec="32" bec="0" bev="0" fileid="1" />
                <SequencePoint vc="1" uspid="71" ordinal="70" offset="1454" sl="98" sc="13" el="98" ec="35" bec="0" bev="0" fileid="1" />
                <SequencePoint vc="1" uspid="72" ordinal="71" offset="1466" sl="99" sc="13" el="99" ec="42" bec="0" bev="0" fileid="1" />
                <SequencePoint vc="1" uspid="73" ordinal="72" offset="1476" sl="102" sc="13" el="102" ec="22" bec="0" bev="0" fileid="1" />
                <SequencePoint vc="1" uspid="74" ordinal="73" offset="1478" sl="103" sc="13" el="103" ec="41" bec="0" bev="0" fileid="1" />
                <SequencePoint vc="1" uspid="75" ordinal="74" offset="1487" sl="104" sc="13" el="104" ec="51" bec="0" bev="0" fileid="1" />
                <SequencePoint vc="1" uspid="76" ordinal="75" offset="1499" sl="105" sc="13" el="105" ec="31" bec="0" bev="0" fileid="1" />
                <SequencePoint vc="1" uspid="77" ordinal="76" offset="1512" sl="106" sc="13" el="106" ec="71" bec="0" bev="0" fileid="1" />
                <SequencePoint vc="1" uspid="78" ordinal="77" offset="1538" sl="108" sc="13" el="108" ec="22" bec="0" bev="0" fileid="1" />
                <SequencePoint vc="1" uspid="79" ordinal="78" offset="1540" sl="109" sc="13" el="109" ec="33" bec="0" bev="0" fileid="1" />
                <SequencePoint vc="1" uspid="80" ordinal="79" offset="1549" sl="110" sc="13" el="110" ec="43" bec="0" bev="0" fileid="1" />
                <SequencePoint vc="1" uspid="81" ordinal="80" offset="1561" sl="111" sc="13" el="111" ec="31" bec="0" bev="0" fileid="1" />
                <SequencePoint vc="1" uspid="82" ordinal="81" offset="1574" sl="112" sc="13" el="112" ec="63" bec="0" bev="0" fileid="1" />
                <SequencePoint vc="1" uspid="83" ordinal="82" offset="1600" sl="114" sc="13" el="114" ec="22" bec="0" bev="0" fileid="1" />
                <SequencePoint vc="1" uspid="84" ordinal="83" offset="1602" sl="115" sc="13" el="115" ec="37" bec="0" bev="0" fileid="1" />
                <SequencePoint vc="1" uspid="85" ordinal="84" offset="1611" sl="116" sc="13" el="116" ec="47" bec="0" bev="0" fileid="1" />
                <SequencePoint vc="1" uspid="86" ordinal="85" offset="1623" sl="117" sc="13" el="117" ec="31" bec="0" bev="0" fileid="1" />
                <SequencePoint vc="1" uspid="87" ordinal="86" offset="1636" sl="118" sc="13" el="118" ec="67" bec="0" bev="0" fileid="1" />
                <SequencePoint vc="1" uspid="88" ordinal="87" offset="1662" sl="120" sc="13" el="120" ec="22" bec="0" bev="0" fileid="1" />
                <SequencePoint vc="1" uspid="89" ordinal="88" offset="1664" sl="121" sc="13" el="121" ec="32" bec="0" bev="0" fileid="1" />
                <SequencePoint vc="1" uspid="90" ordinal="89" offset="1673" sl="122" sc="13" el="122" ec="42" bec="0" bev="0" fileid="1" />
                <SequencePoint vc="1" uspid="91" ordinal="90" offset="1685" sl="123" sc="13" el="123" ec="31" bec="0" bev="0" fileid="1" />
                <SequencePoint vc="1" uspid="92" ordinal="91" offset="1698" sl="124" sc="13" el="124" ec="62" bec="0" bev="0" fileid="1" />
                <SequencePoint vc="1" uspid="93" ordinal="92" offset="1724" sl="126" sc="9" el="126" ec="10" bec="0" bev="0" fileid="1" />
              </SequencePoints>
              <BranchPoints />
              <MethodPoint xsi:type="SequencePoint" vc="1" uspid="1" ordinal="0" offset="0" sl="14" sc="9" el="14" ec="10" bec="0" bev="0" fileid="1" />
            </Method>
            <Method visited="false" cyclomaticComplexity="1" nPathComplexity="0" sequenceCoverage="0" branchCoverage="0" crapScore="2" isConstructor="true" isStatic="false" isGetter="false" isSetter="false">
              <Summary numSequencePoints="0" visitedSequencePoints="0" numBranchPoints="0" visitedBranchPoints="0" sequenceCoverage="0" branchCoverage="0" maxCyclomaticComplexity="1" minCyclomaticComplexity="1" maxCrapScore="2" minCrapScore="2" visitedClasses="0" numClasses="0" visitedMethods="0" numMethods="0" />
              <MetadataToken>100663298</MetadataToken>
              <Name>System.Void Tests.TestPart1::.ctor()</Name>
              <SequencePoints />
              <BranchPoints />
              <MethodPoint vc="0" uspid="94" ordinal="0" offset="0" />
            </Method>
          </Methods>
        </Class>
        <Class>
          <Summary numSequencePoints="12" visitedSequencePoints="12" numBranchPoints="1" visitedBranchPoints="1" sequenceCoverage="100" branchCoverage="100" maxCyclomaticComplexity="1" minCyclomaticComplexity="1" maxCrapScore="2" minCrapScore="1" visitedClasses="1" numClasses="1" visitedMethods="1" numMethods="1" />
          <FullName>Tests.TestPart2</FullName>
          <Methods>
            <Method visited="true" cyclomaticComplexity="1" nPathComplexity="0" sequenceCoverage="100" branchCoverage="100" crapScore="1" isConstructor="false" isStatic="false" isGetter="false" isSetter="false">
              <Summary numSequencePoints="12" visitedSequencePoints="12" numBranchPoints="1" visitedBranchPoints="1" sequenceCoverage="100" branchCoverage="100" maxCyclomaticComplexity="1" minCyclomaticComplexity="1" maxCrapScore="1" minCrapScore="1" visitedClasses="0" numClasses="0" visitedMethods="1" numMethods="1" />
              <MetadataToken>100663299</MetadataToken>
              <Name>System.Void Tests.TestPart2::TestMethod1()</Name>
              <FileRef uid="2" />
              <SequencePoints>
                <SequencePoint vc="1" uspid="95" ordinal="0" offset="0" sl="15" sc="9" el="15" ec="10" bec="0" bev="0" fileid="2" />
                <SequencePoint vc="1" uspid="96" ordinal="1" offset="1" sl="17" sc="13" el="17" ec="98" bec="0" bev="0" fileid="2" />
                <SequencePoint vc="1" uspid="97" ordinal="2" offset="7" sl="19" sc="13" el="19" ec="68" bec="0" bev="0" fileid="2" />
                <SequencePoint vc="1" uspid="98" ordinal="3" offset="38" sl="20" sc="13" el="20" ec="88" bec="0" bev="0" fileid="2" />
                <SequencePoint vc="1" uspid="99" ordinal="4" offset="76" sl="21" sc="13" el="21" ec="113" bec="0" bev="0" fileid="2" />
                <SequencePoint vc="1" uspid="100" ordinal="5" offset="124" sl="22" sc="13" el="22" ec="137" bec="0" bev="0" fileid="2" />
                <SequencePoint vc="1" uspid="101" ordinal="6" offset="178" sl="24" sc="13" el="24" ec="81" bec="0" bev="0" fileid="2" />
                <SequencePoint vc="1" uspid="102" ordinal="7" offset="214" sl="25" sc="13" el="25" ec="101" bec="0" bev="0" fileid="2" />
                <SequencePoint vc="1" uspid="103" ordinal="8" offset="257" sl="26" sc="13" el="26" ec="107" bec="0" bev="0" fileid="2" />
                <SequencePoint vc="1" uspid="104" ordinal="9" offset="304" sl="27" sc="13" el="27" ec="135" bec="0" bev="0" fileid="2" />
                <SequencePoint vc="1" uspid="105" ordinal="10" offset="367" sl="28" sc="13" el="29" ec="48" bec="0" bev="0" fileid="2" />
                <SequencePoint vc="1" uspid="106" ordinal="11" offset="436" sl="31" sc="9" el="31" ec="10" bec="0" bev="0" fileid="2" />
              </SequencePoints>
              <BranchPoints />
              <MethodPoint xsi:type="SequencePoint" vc="1" uspid="95" ordinal="0" offset="0" sl="15" sc="9" el="15" ec="10" bec="0" bev="0" fileid="2" />
            </Method>
            <Method visited="false" cyclomaticComplexity="1" nPathComplexity="0" sequenceCoverage="0" branchCoverage="0" crapScore="2" isConstructor="true" isStatic="false" isGetter="false" isSetter="false">
              <Summary numSequencePoints="0" visitedSequencePoints="0" numBranchPoints="0" visitedBranchPoints="0" sequenceCoverage="0" branchCoverage="0" maxCyclomaticComplexity="1" minCyclomaticComplexity="1" maxCrapScore="2" minCrapScore="2" visitedClasses="0" numClasses="0" visitedMethods="0" numMethods="0" />
              <MetadataToken>100663300</MetadataToken>
              <Name>System.Void Tests.TestPart2::.ctor()</Name>
              <SequencePoints />
              <BranchPoints />
              <MethodPoint vc="0" uspid="107" ordinal="0" offset="0" />
            </Method>
          </Methods>
        </Class>
        <Class>
          <Summary numSequencePoints="16" visitedSequencePoints="16" numBranchPoints="1" visitedBranchPoints="1" sequenceCoverage="100" branchCoverage="100" maxCyclomaticComplexity="1" minCyclomaticComplexity="1" maxCrapScore="2" minCrapScore="1" visitedClasses="1" numClasses="1" visitedMethods="1" numMethods="1" />
          <FullName>Tests.TestPart3</FullName>
          <Methods>
            <Method visited="true" cyclomaticComplexity="1" nPathComplexity="0" sequenceCoverage="100" branchCoverage="100" crapScore="1" isConstructor="false" isStatic="false" isGetter="false" isSetter="false">
              <Summary numSequencePoints="16" visitedSequencePoints="16" numBranchPoints="1" visitedBranchPoints="1" sequenceCoverage="100" branchCoverage="100" maxCyclomaticComplexity="1" minCyclomaticComplexity="1" maxCrapScore="1" minCrapScore="1" visitedClasses="0" numClasses="0" visitedMethods="1" numMethods="1" />
              <MetadataToken>100663301</MetadataToken>
              <Name>System.Void Tests.TestPart3::TestMethod1()</Name>
              <FileRef uid="3" />
              <SequencePoints>
                <SequencePoint vc="1" uspid="108" ordinal="0" offset="0" sl="13" sc="9" el="13" ec="10" bec="0" bev="0" fileid="3" />
                <SequencePoint vc="1" uspid="109" ordinal="1" offset="1" sl="14" sc="13" el="14" ec="69" bec="0" bev="0" fileid="3" />
                <SequencePoint vc="1" uspid="110" ordinal="2" offset="9" sl="15" sc="13" el="15" ec="71" bec="0" bev="0" fileid="3" />
                <SequencePoint vc="1" uspid="111" ordinal="3" offset="15" sl="17" sc="13" el="17" ec="88" bec="0" bev="0" fileid="3" />
                <SequencePoint vc="1" uspid="112" ordinal="4" offset="49" sl="18" sc="17" el="18" ec="44" bec="0" bev="0" fileid="3" />
                <SequencePoint vc="1" uspid="113" ordinal="5" offset="55" sl="19" sc="13" el="19" ec="45" bec="0" bev="0" fileid="3" />
                <SequencePoint vc="1" uspid="114" ordinal="6" offset="63" sl="21" sc="13" el="21" ec="67" bec="0" bev="0" fileid="3" />
                <SequencePoint vc="1" uspid="115" ordinal="7" offset="81" sl="22" sc="13" el="22" ec="85" bec="0" bev="0" fileid="3" />
                <SequencePoint vc="1" uspid="116" ordinal="8" offset="109" sl="23" sc="13" el="23" ec="81" bec="0" bev="0" fileid="3" />
                <SequencePoint vc="1" uspid="117" ordinal="9" offset="132" sl="24" sc="13" el="24" ec="92" bec="0" bev="0" fileid="3" />
                <SequencePoint vc="1" uspid="118" ordinal="10" offset="160" sl="26" sc="13" el="26" ec="83" bec="0" bev="0" fileid="3" />
                <SequencePoint vc="1" uspid="119" ordinal="11" offset="194" sl="27" sc="13" el="27" ec="51" bec="0" bev="0" fileid="3" />
                <SequencePoint vc="1" uspid="120" ordinal="12" offset="202" sl="29" sc="13" el="29" ec="65" bec="0" bev="0" fileid="3" />
                <SequencePoint vc="1" uspid="121" ordinal="13" offset="215" sl="30" sc="13" el="30" ec="66" bec="0" bev="0" fileid="3" />
                <SequencePoint vc="1" uspid="122" ordinal="14" offset="235" sl="31" sc="13" el="31" ec="62" bec="0" bev="0" fileid="3" />
                <SequencePoint vc="1" uspid="123" ordinal="15" offset="255" sl="32" sc="9" el="32" ec="10" bec="0" bev="0" fileid="3" />
              </SequencePoints>
              <BranchPoints />
              <MethodPoint xsi:type="SequencePoint" vc="1" uspid="108" ordinal="0" offset="0" sl="13" sc="9" el="13" ec="10" bec="0" bev="0" fileid="3" />
            </Method>
            <Method visited="false" cyclomaticComplexity="1" nPathComplexity="0" sequenceCoverage="0" branchCoverage="0" crapScore="2" isConstructor="true" isStatic="false" isGetter="false" isSetter="false">
              <Summary numSequencePoints="0" visitedSequencePoints="0" numBranchPoints="0" visitedBranchPoints="0" sequenceCoverage="0" branchCoverage="0" maxCyclomaticComplexity="1" minCyclomaticComplexity="1" maxCrapScore="2" minCrapScore="2" visitedClasses="0" numClasses="0" visitedMethods="0" numMethods="0" />
              <MetadataToken>100663302</MetadataToken>
              <Name>System.Void Tests.TestPart3::.ctor()</Name>
              <SequencePoints />
              <BranchPoints />
              <MethodPoint vc="0" uspid="124" ordinal="0" offset="0" />
            </Method>
          </Methods>
        </Class>
      </Classes>
    </Module>
    <Module hash="C9-EA-3A-07-A6-EA-01-F5-B9-8B-07-7E-84-D3-50-6C-C7-48-B9-12">
      <Summary numSequencePoints="632" visitedSequencePoints="289" numBranchPoints="291" visitedBranchPoints="110" sequenceCoverage="45.73" branchCoverage="37.80" maxCyclomaticComplexity="37" minCyclomaticComplexity="1" maxCrapScore="1406" minCrapScore="1" visitedClasses="6" numClasses="7" visitedMethods="68" numMethods="83" />
      <ModulePath>F:\C#\Lab11\Tests\bin\Debug\fine-code-coverage\build-output\Part1.exe</ModulePath>
      <ModuleTime>2021-12-02T16:16:21.5931694Z</ModuleTime>
      <ModuleName>Part1</ModuleName>
      <Files>
        <File uid="7" fullPath="F:\C#\Lab11\Part1\CompareByAge.cs" />
        <File uid="8" fullPath="F:\C#\Lab11\Part1\Id.cs" />
        <File uid="9" fullPath="F:\C#\Lab11\Part1\PartTimeStudent.cs" />
        <File uid="10" fullPath="F:\C#\Lab11\Part1\Person.cs" />
        <File uid="11" fullPath="F:\C#\Lab11\Part1\Program.cs" />
        <File uid="12" fullPath="F:\C#\Lab11\Part1\Schoolchild.cs" />
        <File uid="13" fullPath="F:\C#\Lab11\Part1\Student.cs" />
      </Files>
      <Classes>
        <Class>
          <Summary numSequencePoints="9" visitedSequencePoints="8" numBranchPoints="5" visitedBranchPoints="4" sequenceCoverage="88.89" branchCoverage="80" maxCyclomaticComplexity="3" minCyclomaticComplexity="1" maxCrapScore="3.01" minCrapScore="2" visitedClasses="1" numClasses="1" visitedMethods="1" numMethods="1" />
          <FullName>Part1.CompareByAge</FullName>
          <Methods>
            <Method visited="true" cyclomaticComplexity="3" nPathComplexity="4" sequenceCoverage="88.89" branchCoverage="80" crapScore="3.01" isConstructor="false" isStatic="false" isGetter="false" isSetter="false">
              <Summary numSequencePoints="9" visitedSequencePoints="8" numBranchPoints="5" visitedBranchPoints="4" sequenceCoverage="88.89" branchCoverage="80" maxCyclomaticComplexity="3" minCyclomaticComplexity="3" maxCrapScore="3.01" minCrapScore="3.01" visitedClasses="0" numClasses="0" visitedMethods="1" numMethods="1" />
              <MetadataToken>100663297</MetadataToken>
              <Name>System.Int32 Part1.CompareByAge::Compare(System.Object,System.Object)</Name>
              <FileRef uid="7" />
              <SequencePoints>
                <SequencePoint vc="5" uspid="125" ordinal="0" offset="0" sl="13" sc="9" el="13" ec="10" bec="0" bev="0" fileid="7" />
                <SequencePoint vc="5" uspid="126" ordinal="1" offset="1" sl="14" sc="13" el="14" ec="34" bec="0" bev="0" fileid="7" />
                <SequencePoint vc="5" uspid="127" ordinal="2" offset="8" sl="15" sc="17" el="15" ec="31" bec="0" bev="0" fileid="7" />
                <SequencePoint vc="5" uspid="128" ordinal="3" offset="15" sl="16" sc="13" el="16" ec="33" bec="2" bev="1" fileid="7" />
                <SequencePoint vc="0" uspid="129" ordinal="4" offset="33" sl="17" sc="17" el="17" ec="27" bec="0" bev="0" fileid="7" />
                <SequencePoint vc="5" uspid="130" ordinal="5" offset="37" sl="18" sc="18" el="18" ec="39" bec="2" bev="2" fileid="7" />
                <SequencePoint vc="2" uspid="131" ordinal="6" offset="57" sl="19" sc="17" el="19" ec="26" bec="0" bev="0" fileid="7" />
                <SequencePoint vc="3" uspid="132" ordinal="7" offset="61" sl="20" sc="13" el="20" ec="22" bec="0" bev="0" fileid="7" />
                <SequencePoint vc="5" uspid="133" ordinal="8" offset="65" sl="21" sc="9" el="21" ec="10" bec="0" bev="0" fileid="7" />
              </SequencePoints>
              <BranchPoints>
                <BranchPoint vc="0" uspid="134" ordinal="0" offset="31" sl="16" path="0" offsetend="33" fileid="7" />
                <BranchPoint vc="5" uspid="135" ordinal="1" offset="31" sl="16" path="1" offsetend="37" fileid="7" />
                <BranchPoint vc="2" uspid="136" ordinal="2" offset="55" sl="18" path="0" offsetend="57" fileid="7" />
                <BranchPoint vc="3" uspid="137" ordinal="3" offset="55" sl="18" path="1" offsetend="61" fileid="7" />
              </BranchPoints>
              <MethodPoint xsi:type="SequencePoint" vc="5" uspid="125" ordinal="0" offset="0" sl="13" sc="9" el="13" ec="10" bec="0" bev="0" fileid="7" />
            </Method>
            <Method visited="false" cyclomaticComplexity="1" nPathComplexity="0" sequenceCoverage="0" branchCoverage="0" crapScore="2" isConstructor="true" isStatic="false" isGetter="false" isSetter="false">
              <Summary numSequencePoints="0" visitedSequencePoints="0" numBranchPoints="0" visitedBranchPoints="0" sequenceCoverage="0" branchCoverage="0" maxCyclomaticComplexity="1" minCyclomaticComplexity="1" maxCrapScore="2" minCrapScore="2" visitedClasses="0" numClasses="0" visitedMethods="0" numMethods="0" />
              <MetadataToken>100663298</MetadataToken>
              <Name>System.Void Part1.CompareByAge::.ctor()</Name>
              <SequencePoints />
              <BranchPoints />
              <MethodPoint vc="0" uspid="138" ordinal="0" offset="0" />
            </Method>
          </Methods>
        </Class>
        <Class>
          <Summary numSequencePoints="7" visitedSequencePoints="7" numBranchPoints="2" visitedBranchPoints="2" sequenceCoverage="100" branchCoverage="100" maxCyclomaticComplexity="1" minCyclomaticComplexity="1" maxCrapScore="1" minCrapScore="1" visitedClasses="1" numClasses="1" visitedMethods="2" numMethods="2" />
          <FullName>Part1.Id</FullName>
          <Methods>
            <Method visited="true" cyclomaticComplexity="1" nPathComplexity="0" sequenceCoverage="100" branchCoverage="100" crapScore="1" isConstructor="true" isStatic="false" isGetter="false" isSetter="false">
              <Summary numSequencePoints="4" visitedSequencePoints="4" numBranchPoints="1" visitedBranchPoints="1" sequenceCoverage="100" branchCoverage="100" maxCyclomaticComplexity="1" minCyclomaticComplexity="1" maxCrapScore="1" minCrapScore="1" visitedClasses="0" numClasses="0" visitedMethods="1" numMethods="1" />
              <MetadataToken>100663299</MetadataToken>
              <Name>System.Void Part1.Id::.ctor(System.Int32)</Name>
              <FileRef uid="8" />
              <SequencePoints>
                <SequencePoint vc="151" uspid="139" ordinal="0" offset="0" sl="12" sc="9" el="12" ec="25" bec="0" bev="0" fileid="8" />
                <SequencePoint vc="151" uspid="140" ordinal="1" offset="7" sl="13" sc="9" el="13" ec="10" bec="0" bev="0" fileid="8" />
                <SequencePoint vc="151" uspid="141" ordinal="2" offset="8" sl="14" sc="13" el="14" ec="25" bec="0" bev="0" fileid="8" />
                <SequencePoint vc="151" uspid="142" ordinal="3" offset="15" sl="15" sc="9" el="15" ec="10" bec="0" bev="0" fileid="8" />
              </SequencePoints>
              <BranchPoints />
              <MethodPoint xsi:type="SequencePoint" vc="151" uspid="139" ordinal="0" offset="0" sl="12" sc="9" el="12" ec="25" bec="0" bev="0" fileid="8" />
            </Method>
            <Method visited="true" cyclomaticComplexity="1" nPathComplexity="0" sequenceCoverage="100" branchCoverage="100" crapScore="1" isConstructor="false" isStatic="false" isGetter="false" isSetter="false">
              <Summary numSequencePoints="3" visitedSequencePoints="3" numBranchPoints="1" visitedBranchPoints="1" sequenceCoverage="100" branchCoverage="100" maxCyclomaticComplexity="1" minCyclomaticComplexity="1" maxCrapScore="1" minCrapScore="1" visitedClasses="0" numClasses="0" visitedMethods="1" numMethods="1" />
              <MetadataToken>100663300</MetadataToken>
              <Name>System.String Part1.Id::ToString()</Name>
              <FileRef uid="8" />
              <SequencePoints>
                <SequencePoint vc="1" uspid="143" ordinal="0" offset="0" sl="17" sc="9" el="17" ec="10" bec="0" bev="0" fileid="8" />
                <SequencePoint vc="1" uspid="144" ordinal="1" offset="1" sl="18" sc="13" el="18" ec="39" bec="0" bev="0" fileid="8" />
                <SequencePoint vc="1" uspid="145" ordinal="2" offset="15" sl="19" sc="9" el="19" ec="10" bec="0" bev="0" fileid="8" />
              </SequencePoints>
              <BranchPoints />
              <MethodPoint xsi:type="SequencePoint" vc="1" uspid="143" ordinal="0" offset="0" sl="17" sc="9" el="17" ec="10" bec="0" bev="0" fileid="8" />
            </Method>
          </Methods>
        </Class>
        <Class>
          <Summary numSequencePoints="43" visitedSequencePoints="42" numBranchPoints="16" visitedBranchPoints="15" sequenceCoverage="97.67" branchCoverage="93.75" maxCyclomaticComplexity="2" minCyclomaticComplexity="1" maxCrapScore="2.01" minCrapScore="1" visitedClasses="1" numClasses="1" visitedMethods="12" numMethods="12" />
          <FullName>Part1.PartTimeStudent</FullName>
          <Methods>
            <Method visited="true" cyclomaticComplexity="1" nPathComplexity="0" sequenceCoverage="100" branchCoverage="100" crapScore="1" isConstructor="false" isStatic="false" isGetter="true" isSetter="false">
              <Summary numSequencePoints="3" visitedSequencePoints="3" numBranchPoints="1" visitedBranchPoints="1" sequenceCoverage="100" branchCoverage="100" maxCyclomaticComplexity="1" minCyclomaticComplexity="1" maxCrapScore="1" minCrapScore="1" visitedClasses="0" numClasses="0" visitedMethods="1" numMethods="1" />
              <MetadataToken>100663303</MetadataToken>
              <Name>System.Int64 Part1.PartTimeStudent::get_WorkCardNumber()</Name>
              <FileRef uid="9" />
              <SequencePoints>
                <SequencePoint vc="5" uspid="146" ordinal="0" offset="0" sl="14" sc="17" el="14" ec="18" bec="0" bev="0" fileid="9" />
                <SequencePoint vc="5" uspid="147" ordinal="1" offset="1" sl="14" sc="19" el="14" ec="42" bec="0" bev="0" fileid="9" />
                <SequencePoint vc="5" uspid="148" ordinal="2" offset="10" sl="14" sc="43" el="14" ec="44" bec="0" bev="0" fileid="9" />
              </SequencePoints>
              <BranchPoints />
              <MethodPoint xsi:type="SequencePoint" vc="5" uspid="146" ordinal="0" offset="0" sl="14" sc="17" el="14" ec="18" bec="0" bev="0" fileid="9" />
            </Method>
            <Method visited="true" cyclomaticComplexity="1" nPathComplexity="0" sequenceCoverage="100" branchCoverage="100" crapScore="1" isConstructor="false" isStatic="false" isGetter="false" isSetter="true">
              <Summary numSequencePoints="3" visitedSequencePoints="3" numBranchPoints="1" visitedBranchPoints="1" sequenceCoverage="100" branchCoverage="100" maxCyclomaticComplexity="1" minCyclomaticComplexity="1" maxCrapScore="1" minCrapScore="1" visitedClasses="0" numClasses="0" visitedMethods="1" numMethods="1" />
              <MetadataToken>100663304</MetadataToken>
              <Name>System.Void Part1.PartTimeStudent::set_WorkCardNumber(System.Int64)</Name>
              <FileRef uid="9" />
              <SequencePoints>
                <SequencePoint vc="9" uspid="149" ordinal="0" offset="0" sl="15" sc="17" el="15" ec="18" bec="0" bev="0" fileid="9" />
                <SequencePoint vc="9" uspid="150" ordinal="1" offset="1" sl="15" sc="19" el="15" ec="43" bec="0" bev="0" fileid="9" />
                <SequencePoint vc="9" uspid="151" ordinal="2" offset="8" sl="15" sc="44" el="15" ec="45" bec="0" bev="0" fileid="9" />
              </SequencePoints>
              <BranchPoints />
              <MethodPoint xsi:type="SequencePoint" vc="9" uspid="149" ordinal="0" offset="0" sl="15" sc="17" el="15" ec="18" bec="0" bev="0" fileid="9" />
            </Method>
            <Method visited="true" cyclomaticComplexity="1" nPathComplexity="0" sequenceCoverage="100" branchCoverage="100" crapScore="1" isConstructor="true" isStatic="false" isGetter="false" isSetter="false">
              <Summary numSequencePoints="4" visitedSequencePoints="4" numBranchPoints="1" visitedBranchPoints="1" sequenceCoverage="100" branchCoverage="100" maxCyclomaticComplexity="1" minCyclomaticComplexity="1" maxCrapScore="1" minCrapScore="1" visitedClasses="0" numClasses="0" visitedMethods="1" numMethods="1" />
              <MetadataToken>100663305</MetadataToken>
              <Name>System.Void Part1.PartTimeStudent::.ctor()</Name>
              <FileRef uid="9" />
              <SequencePoints>
                <SequencePoint vc="1" uspid="152" ordinal="0" offset="0" sl="17" sc="36" el="17" ec="42" bec="0" bev="0" fileid="9" />
                <SequencePoint vc="1" uspid="153" ordinal="1" offset="7" sl="18" sc="9" el="18" ec="10" bec="0" bev="0" fileid="9" />
                <SequencePoint vc="1" uspid="154" ordinal="2" offset="8" sl="19" sc="13" el="19" ec="33" bec="0" bev="0" fileid="9" />
                <SequencePoint vc="1" uspid="155" ordinal="3" offset="16" sl="20" sc="9" el="20" ec="10" bec="0" bev="0" fileid="9" />
              </SequencePoints>
              <BranchPoints />
              <MethodPoint xsi:type="SequencePoint" vc="1" uspid="152" ordinal="0" offset="0" sl="17" sc="36" el="17" ec="42" bec="0" bev="0" fileid="9" />
            </Method>
            <Method visited="true" cyclomaticComplexity="1" nPathComplexity="0" sequenceCoverage="100" branchCoverage="100" crapScore="1" isConstructor="true" isStatic="false" isGetter="false" isSetter="false">
              <Summary numSequencePoints="4" visitedSequencePoints="4" numBranchPoints="1" visitedBranchPoints="1" sequenceCoverage="100" branchCoverage="100" maxCyclomaticComplexity="1" minCyclomaticComplexity="1" maxCrapScore="1" minCrapScore="1" visitedClasses="0" numClasses="0" visitedMethods="1" numMethods="1" />
              <MetadataToken>100663306</MetadataToken>
              <Name>System.Void Part1.PartTimeStudent::.ctor(System.Int32,System.String,System.String,System.Int32,System.String,System.String,System.Int32,System.String,System.String,System.Int64)</Name>
              <FileRef uid="9" />
              <SequencePoints>
                <SequencePoint vc="9" uspid="156" ordinal="0" offset="0" sl="22" sc="15" el="22" ec="88" bec="0" bev="0" fileid="9" />
                <SequencePoint vc="9" uspid="157" ordinal="1" offset="22" sl="23" sc="9" el="23" ec="10" bec="0" bev="0" fileid="9" />
                <SequencePoint vc="9" uspid="158" ordinal="2" offset="23" sl="24" sc="13" el="24" ec="42" bec="0" bev="0" fileid="9" />
                <SequencePoint vc="9" uspid="159" ordinal="3" offset="32" sl="25" sc="9" el="25" ec="10" bec="0" bev="0" fileid="9" />
              </SequencePoints>
              <BranchPoints />
              <MethodPoint xsi:type="SequencePoint" vc="9" uspid="156" ordinal="0" offset="0" sl="22" sc="15" el="22" ec="88" bec="0" bev="0" fileid="9" />
            </Method>
            <Method visited="true" cyclomaticComplexity="1" nPathComplexity="0" sequenceCoverage="100" branchCoverage="100" crapScore="1" isConstructor="false" isStatic="false" isGetter="false" isSetter="false">
              <Summary numSequencePoints="4" visitedSequencePoints="4" numBranchPoints="1" visitedBranchPoints="1" sequenceCoverage="100" branchCoverage="100" maxCyclomaticComplexity="1" minCyclomaticComplexity="1" maxCrapScore="1" minCrapScore="1" visitedClasses="0" numClasses="0" visitedMethods="1" numMethods="1" />
              <MetadataToken>100663307</MetadataToken>
              <Name>System.Object Part1.PartTimeStudent::RandomCreate()</Name>
              <FileRef uid="9" />
              <SequencePoints>
                <SequencePoint vc="1" uspid="160" ordinal="0" offset="0" sl="27" sc="9" el="27" ec="10" bec="0" bev="0" fileid="9" />
                <SequencePoint vc="1" uspid="161" ordinal="1" offset="1" sl="28" sc="13" el="28" ec="67" bec="0" bev="0" fileid="9" />
                <SequencePoint vc="1" uspid="162" ordinal="2" offset="13" sl="30" sc="13" el="32" ec="101" bec="0" bev="0" fileid="9" />
                <SequencePoint vc="1" uspid="163" ordinal="3" offset="101" sl="33" sc="9" el="33" ec="10" bec="0" bev="0" fileid="9" />
              </SequencePoints>
              <BranchPoints />
              <MethodPoint xsi:type="SequencePoint" vc="1" uspid="160" ordinal="0" offset="0" sl="27" sc="9" el="27" ec="10" bec="0" bev="0" fileid="9" />
            </Method>
            <Method visited="true" cyclomaticComplexity="1" nPathComplexity="0" sequenceCoverage="100" branchCoverage="100" crapScore="1" isConstructor="false" isStatic="false" isGetter="false" isSetter="false">
              <Summary numSequencePoints="3" visitedSequencePoints="3" numBranchPoints="1" visitedBranchPoints="1" sequenceCoverage="100" branchCoverage="100" maxCyclomaticComplexity="1" minCyclomaticComplexity="1" maxCrapScore="1" minCrapScore="1" visitedClasses="0" numClasses="0" visitedMethods="1" numMethods="1" />
              <MetadataToken>100663308</MetadataToken>
              <Name>System.String Part1.PartTimeStudent::ToString()</Name>
              <FileRef uid="9" />
              <SequencePoints>
                <SequencePoint vc="1" uspid="164" ordinal="0" offset="0" sl="35" sc="9" el="35" ec="10" bec="0" bev="0" fileid="9" />
                <SequencePoint vc="1" uspid="165" ordinal="1" offset="1" sl="36" sc="13" el="38" ec="57" bec="0" bev="0" fileid="9" />
                <SequencePoint vc="1" uspid="166" ordinal="2" offset="212" sl="39" sc="9" el="39" ec="10" bec="0" bev="0" fileid="9" />
              </SequencePoints>
              <BranchPoints />
              <MethodPoint xsi:type="SequencePoint" vc="1" uspid="164" ordinal="0" offset="0" sl="35" sc="9" el="35" ec="10" bec="0" bev="0" fileid="9" />
            </Method>
            <Method visited="true" cyclomaticComplexity="1" nPathComplexity="0" sequenceCoverage="100" branchCoverage="100" crapScore="1" isConstructor="false" isStatic="false" isGetter="false" isSetter="false">
              <Summary numSequencePoints="3" visitedSequencePoints="3" numBranchPoints="1" visitedBranchPoints="1" sequenceCoverage="100" branchCoverage="100" maxCyclomaticComplexity="1" minCyclomaticComplexity="1" maxCrapScore="1" minCrapScore="1" visitedClasses="0" numClasses="0" visitedMethods="1" numMethods="1" />
              <MetadataToken>100663309</MetadataToken>
              <Name>System.Void Part1.PartTimeStudent::Write()</Name>
              <FileRef uid="9" />
              <SequencePoints>
                <SequencePoint vc="1" uspid="167" ordinal="0" offset="0" sl="41" sc="9" el="41" ec="10" bec="0" bev="0" fileid="9" />
                <SequencePoint vc="1" uspid="168" ordinal="1" offset="1" sl="42" sc="13" el="42" ec="188" bec="0" bev="0" fileid="9" />
                <SequencePoint vc="1" uspid="169" ordinal="2" offset="110" sl="43" sc="9" el="43" ec="10" bec="0" bev="0" fileid="9" />
              </SequencePoints>
              <BranchPoints />
              <MethodPoint xsi:type="SequencePoint" vc="1" uspid="167" ordinal="0" offset="0" sl="41" sc="9" el="41" ec="10" bec="0" bev="0" fileid="9" />
            </Method>
            <Method visited="true" cyclomaticComplexity="1" nPathComplexity="0" sequenceCoverage="100" branchCoverage="100" crapScore="1" isConstructor="false" isStatic="false" isGetter="false" isSetter="false">
              <Summary numSequencePoints="3" visitedSequencePoints="3" numBranchPoints="1" visitedBranchPoints="1" sequenceCoverage="100" branchCoverage="100" maxCyclomaticComplexity="1" minCyclomaticComplexity="1" maxCrapScore="1" minCrapScore="1" visitedClasses="0" numClasses="0" visitedMethods="1" numMethods="1" />
              <MetadataToken>100663310</MetadataToken>
              <Name>System.Object Part1.PartTimeStudent::Clone()</Name>
              <FileRef uid="9" />
              <SequencePoints>
                <SequencePoint vc="1" uspid="170" ordinal="0" offset="0" sl="45" sc="9" el="45" ec="10" bec="0" bev="0" fileid="9" />
                <SequencePoint vc="1" uspid="171" ordinal="1" offset="1" sl="46" sc="13" el="46" ec="142" bec="0" bev="0" fileid="9" />
                <SequencePoint vc="1" uspid="172" ordinal="2" offset="74" sl="47" sc="9" el="47" ec="10" bec="0" bev="0" fileid="9" />
              </SequencePoints>
              <BranchPoints />
              <MethodPoint xsi:type="SequencePoint" vc="1" uspid="170" ordinal="0" offset="0" sl="45" sc="9" el="45" ec="10" bec="0" bev="0" fileid="9" />
            </Method>
            <Method visited="true" cyclomaticComplexity="1" nPathComplexity="0" sequenceCoverage="100" branchCoverage="100" crapScore="1" isConstructor="false" isStatic="false" isGetter="false" isSetter="false">
              <Summary numSequencePoints="3" visitedSequencePoints="3" numBranchPoints="1" visitedBranchPoints="1" sequenceCoverage="100" branchCoverage="100" maxCyclomaticComplexity="1" minCyclomaticComplexity="1" maxCrapScore="1" minCrapScore="1" visitedClasses="0" numClasses="0" visitedMethods="1" numMethods="1" />
              <MetadataToken>100663311</MetadataToken>
              <Name>System.Object Part1.PartTimeStudent::ShallowClone()</Name>
              <FileRef uid="9" />
              <SequencePoints>
                <SequencePoint vc="1" uspid="173" ordinal="0" offset="0" sl="49" sc="9" el="49" ec="10" bec="0" bev="0" fileid="9" />
                <SequencePoint vc="1" uspid="174" ordinal="1" offset="1" sl="50" sc="13" el="50" ec="43" bec="0" bev="0" fileid="9" />
                <SequencePoint vc="1" uspid="175" ordinal="2" offset="10" sl="51" sc="9" el="51" ec="10" bec="0" bev="0" fileid="9" />
              </SequencePoints>
              <BranchPoints />
              <MethodPoint xsi:type="SequencePoint" vc="1" uspid="173" ordinal="0" offset="0" sl="49" sc="9" el="49" ec="10" bec="0" bev="0" fileid="9" />
            </Method>
            <Method visited="true" cyclomaticComplexity="2" nPathComplexity="2" sequenceCoverage="100" branchCoverage="100" crapScore="2" isConstructor="false" isStatic="true" isGetter="false" isSetter="false">
              <Summary numSequencePoints="3" visitedSequencePoints="3" numBranchPoints="3" visitedBranchPoints="3" sequenceCoverage="100" branchCoverage="100" maxCyclomaticComplexity="2" minCyclomaticComplexity="2" maxCrapScore="2" minCrapScore="2" visitedClasses="0" numClasses="0" visitedMethods="1" numMethods="1" />
              <MetadataToken>100663312</MetadataToken>
              <Name>System.Boolean Part1.PartTimeStudent::op_Equality(Part1.PartTimeStudent,Part1.PartTimeStudent)</Name>
              <FileRef uid="9" />
              <SequencePoints>
                <SequencePoint vc="4" uspid="176" ordinal="0" offset="0" sl="53" sc="9" el="53" ec="10" bec="0" bev="0" fileid="9" />
                <SequencePoint vc="4" uspid="177" ordinal="1" offset="1" sl="54" sc="13" el="54" ec="97" bec="2" bev="2" fileid="9" />
                <SequencePoint vc="4" uspid="178" ordinal="2" offset="30" sl="56" sc="9" el="56" ec="10" bec="0" bev="0" fileid="9" />
              </SequencePoints>
              <BranchPoints>
                <BranchPoint vc="1" uspid="179" ordinal="0" offset="8" sl="54" path="0" offsetend="10" fileid="9" />
                <BranchPoint vc="3" uspid="180" ordinal="1" offset="8" sl="54" path="1" offsetend="26" fileid="9" />
              </BranchPoints>
              <MethodPoint xsi:type="SequencePoint" vc="4" uspid="176" ordinal="0" offset="0" sl="53" sc="9" el="53" ec="10" bec="0" bev="0" fileid="9" />
            </Method>
            <Method visited="true" cyclomaticComplexity="1" nPathComplexity="0" sequenceCoverage="100" branchCoverage="100" crapScore="1" isConstructor="false" isStatic="true" isGetter="false" isSetter="false">
              <Summary numSequencePoints="3" visitedSequencePoints="3" numBranchPoints="1" visitedBranchPoints="1" sequenceCoverage="100" branchCoverage="100" maxCyclomaticComplexity="1" minCyclomaticComplexity="1" maxCrapScore="1" minCrapScore="1" visitedClasses="0" numClasses="0" visitedMethods="1" numMethods="1" />
              <MetadataToken>100663313</MetadataToken>
              <Name>System.Boolean Part1.PartTimeStudent::op_Inequality(Part1.PartTimeStudent,Part1.PartTimeStudent)</Name>
              <FileRef uid="9" />
              <SequencePoints>
                <SequencePoint vc="1" uspid="181" ordinal="0" offset="0" sl="58" sc="9" el="58" ec="10" bec="0" bev="0" fileid="9" />
                <SequencePoint vc="1" uspid="182" ordinal="1" offset="1" sl="59" sc="13" el="59" ec="36" bec="0" bev="0" fileid="9" />
                <SequencePoint vc="1" uspid="183" ordinal="2" offset="14" sl="60" sc="9" el="60" ec="10" bec="0" bev="0" fileid="9" />
              </SequencePoints>
              <BranchPoints />
              <MethodPoint xsi:type="SequencePoint" vc="1" uspid="181" ordinal="0" offset="0" sl="58" sc="9" el="58" ec="10" bec="0" bev="0" fileid="9" />
            </Method>
            <Method visited="true" cyclomaticComplexity="2" nPathComplexity="2" sequenceCoverage="85.71" branchCoverage="66.67" crapScore="2.01" isConstructor="false" isStatic="false" isGetter="false" isSetter="false">
              <Summary numSequencePoints="7" visitedSequencePoints="6" numBranchPoints="3" visitedBranchPoints="2" sequenceCoverage="85.71" branchCoverage="66.67" maxCyclomaticComplexity="2" minCyclomaticComplexity="2" maxCrapScore="2.01" minCrapScore="2.01" visitedClasses="0" numClasses="0" visitedMethods="1" numMethods="1" />
              <MetadataToken>100663314</MetadataToken>
              <Name>System.Boolean Part1.PartTimeStudent::Equals(System.Object)</Name>
              <FileRef uid="9" />
              <SequencePoints>
                <SequencePoint vc="1" uspid="184" ordinal="0" offset="0" sl="62" sc="9" el="62" ec="10" bec="0" bev="0" fileid="9" />
                <SequencePoint vc="1" uspid="185" ordinal="1" offset="1" sl="63" sc="13" el="63" ec="40" bec="2" bev="1" fileid="9" />
                <SequencePoint vc="1" uspid="186" ordinal="2" offset="14" sl="64" sc="13" el="64" ec="14" bec="0" bev="0" fileid="9" />
                <SequencePoint vc="1" uspid="187" ordinal="3" offset="15" sl="65" sc="17" el="65" ec="58" bec="0" bev="0" fileid="9" />
                <SequencePoint vc="1" uspid="188" ordinal="4" offset="22" sl="66" sc="17" el="66" ec="34" bec="0" bev="0" fileid="9" />
                <SequencePoint vc="0" uspid="189" ordinal="5" offset="32" sl="68" sc="13" el="68" ec="26" bec="0" bev="0" fileid="9" />
                <SequencePoint vc="1" uspid="190" ordinal="6" offset="36" sl="69" sc="9" el="69" ec="10" bec="0" bev="0" fileid="9" />
              </SequencePoints>
              <BranchPoints>
                <BranchPoint vc="1" uspid="191" ordinal="0" offset="12" sl="63" path="0" offsetend="14" fileid="9" />
                <BranchPoint vc="0" uspid="192" ordinal="1" offset="12" sl="63" path="1" offsetend="32" fileid="9" />
              </BranchPoints>
              <MethodPoint xsi:type="SequencePoint" vc="1" uspid="184" ordinal="0" offset="0" sl="62" sc="9" el="62" ec="10" bec="0" bev="0" fileid="9" />
            </Method>
          </Methods>
        </Class>
        <Class>
          <Summary numSequencePoints="123" visitedSequencePoints="118" numBranchPoints="48" visitedBranchPoints="42" sequenceCoverage="95.93" branchCoverage="87.5" maxCyclomaticComplexity="4" minCyclomaticComplexity="1" maxCrapScore="4" minCrapScore="1" visitedClasses="1" numClasses="1" visitedMethods="24" numMethods="24" />
          <FullName>Part1.Person</FullName>
          <Methods>
            <Method visited="true" cyclomaticComplexity="1" nPathComplexity="0" sequenceCoverage="100" branchCoverage="100" crapScore="1" isConstructor="false" isStatic="false" isGetter="true" isSetter="false">
              <Summary numSequencePoints="1" visitedSequencePoints="1" numBranchPoints="1" visitedBranchPoints="1" sequenceCoverage="100" branchCoverage="100" maxCyclomaticComplexity="1" minCyclomaticComplexity="1" maxCrapScore="1" minCrapScore="1" visitedClasses="0" numClasses="0" visitedMethods="1" numMethods="1" />
              <MetadataToken>100663315</MetadataToken>
              <Name>Part1.Id Part1.Person::get__id()</Name>
              <FileRef uid="10" />
              <SequencePoints>
                <SequencePoint vc="222" uspid="193" ordinal="0" offset="0" sl="11" sc="25" el="11" ec="29" bec="0" bev="0" fileid="10" />
              </SequencePoints>
              <BranchPoints />
              <MethodPoint xsi:type="SequencePoint" vc="222" uspid="193" ordinal="0" offset="0" sl="11" sc="25" el="11" ec="29" bec="0" bev="0" fileid="10" />
            </Method>
            <Method visited="true" cyclomaticComplexity="1" nPathComplexity="0" sequenceCoverage="100" branchCoverage="100" crapScore="1" isConstructor="false" isStatic="false" isGetter="false" isSetter="true">
              <Summary numSequencePoints="1" visitedSequencePoints="1" numBranchPoints="1" visitedBranchPoints="1" sequenceCoverage="100" branchCoverage="100" maxCyclomaticComplexity="1" minCyclomaticComplexity="1" maxCrapScore="1" minCrapScore="1" visitedClasses="0" numClasses="0" visitedMethods="1" numMethods="1" />
              <MetadataToken>100663316</MetadataToken>
              <Name>System.Void Part1.Person::set__id(Part1.Id)</Name>
              <FileRef uid="10" />
              <SequencePoints>
                <SequencePoint vc="151" uspid="194" ordinal="0" offset="0" sl="11" sc="30" el="11" ec="34" bec="0" bev="0" fileid="10" />
              </SequencePoints>
              <BranchPoints />
              <MethodPoint xsi:type="SequencePoint" vc="151" uspid="194" ordinal="0" offset="0" sl="11" sc="30" el="11" ec="34" bec="0" bev="0" fileid="10" />
            </Method>
            <Method visited="true" cyclomaticComplexity="1" nPathComplexity="0" sequenceCoverage="100" branchCoverage="100" crapScore="1" isConstructor="false" isStatic="false" isGetter="true" isSetter="false">
              <Summary numSequencePoints="3" visitedSequencePoints="3" numBranchPoints="1" visitedBranchPoints="1" sequenceCoverage="100" branchCoverage="100" maxCyclomaticComplexity="1" minCyclomaticComplexity="1" maxCrapScore="1" minCrapScore="1" visitedClasses="0" numClasses="0" visitedMethods="1" numMethods="1" />
              <MetadataToken>100663317</MetadataToken>
              <Name>System.String Part1.Person::get_Surname()</Name>
              <FileRef uid="10" />
              <SequencePoints>
                <SequencePoint vc="157" uspid="195" ordinal="0" offset="0" sl="18" sc="17" el="18" ec="18" bec="0" bev="0" fileid="10" />
                <SequencePoint vc="157" uspid="196" ordinal="1" offset="1" sl="18" sc="19" el="18" ec="35" bec="0" bev="0" fileid="10" />
                <SequencePoint vc="157" uspid="197" ordinal="2" offset="10" sl="18" sc="36" el="18" ec="37" bec="0" bev="0" fileid="10" />
              </SequencePoints>
              <BranchPoints />
              <MethodPoint xsi:type="SequencePoint" vc="157" uspid="195" ordinal="0" offset="0" sl="18" sc="17" el="18" ec="18" bec="0" bev="0" fileid="10" />
            </Method>
            <Method visited="true" cyclomaticComplexity="3" nPathComplexity="4" sequenceCoverage="90.91" branchCoverage="80" crapScore="3.01" isConstructor="false" isStatic="false" isGetter="false" isSetter="true">
              <Summary numSequencePoints="11" visitedSequencePoints="10" numBranchPoints="5" visitedBranchPoints="4" sequenceCoverage="90.91" branchCoverage="80" maxCyclomaticComplexity="3" minCyclomaticComplexity="3" maxCrapScore="3.01" minCrapScore="3.01" visitedClasses="0" numClasses="0" visitedMethods="1" numMethods="1" />
              <MetadataToken>100663318</MetadataToken>
              <Name>System.Void Part1.Person::set_Surname(System.String)</Name>
              <FileRef uid="10" />
              <SequencePoints>
                <SequencePoint vc="121" uspid="198" ordinal="0" offset="0" sl="20" sc="13" el="20" ec="14" bec="0" bev="0" fileid="10" />
                <SequencePoint vc="121" uspid="199" ordinal="1" offset="1" sl="21" sc="17" el="21" ec="47" bec="0" bev="0" fileid="10" />
                <SequencePoint vc="121" uspid="200" ordinal="2" offset="7" sl="22" sc="22" el="22" ec="31" bec="0" bev="0" fileid="10" />
                <SequencePoint vc="969" uspid="201" ordinal="3" offset="11" sl="23" sc="17" el="23" ec="18" bec="0" bev="0" fileid="10" />
                <SequencePoint vc="969" uspid="202" ordinal="4" offset="12" sl="24" sc="21" el="24" ec="52" bec="2" bev="1" fileid="10" />
                <SequencePoint vc="0" uspid="203" ordinal="5" offset="29" sl="25" sc="25" el="25" ec="53" bec="0" bev="0" fileid="10" />
                <SequencePoint vc="969" uspid="204" ordinal="6" offset="35" sl="26" sc="17" el="26" ec="18" bec="0" bev="0" fileid="10" />
                <SequencePoint vc="969" uspid="205" ordinal="7" offset="36" sl="22" sc="51" el="22" ec="54" bec="0" bev="0" fileid="10" />
                <SequencePoint vc="1090" uspid="206" ordinal="8" offset="40" sl="22" sc="33" el="22" ec="49" bec="2" bev="2" fileid="10" />
                <SequencePoint vc="121" uspid="207" ordinal="9" offset="53" sl="27" sc="17" el="27" ec="34" bec="0" bev="0" fileid="10" />
                <SequencePoint vc="121" uspid="208" ordinal="10" offset="60" sl="28" sc="13" el="28" ec="14" bec="0" bev="0" fileid="10" />
              </SequencePoints>
              <BranchPoints>
                <BranchPoint vc="0" uspid="209" ordinal="0" offset="27" sl="24" path="0" offsetend="29" fileid="10" />
                <BranchPoint vc="969" uspid="210" ordinal="1" offset="27" sl="24" path="1" offsetend="35" fileid="10" />
                <BranchPoint vc="121" uspid="211" ordinal="2" offset="51" sl="22" path="0" offsetend="53" fileid="10" />
                <BranchPoint vc="969" uspid="212" ordinal="3" offset="51" sl="22" path="1" offsetend="11" fileid="10" />
              </BranchPoints>
              <MethodPoint xsi:type="SequencePoint" vc="121" uspid="198" ordinal="0" offset="0" sl="20" sc="13" el="20" ec="14" bec="0" bev="0" fileid="10" />
            </Method>
            <Method visited="true" cyclomaticComplexity="1" nPathComplexity="0" sequenceCoverage="100" branchCoverage="100" crapScore="1" isConstructor="false" isStatic="false" isGetter="true" isSetter="false">
              <Summary numSequencePoints="3" visitedSequencePoints="3" numBranchPoints="1" visitedBranchPoints="1" sequenceCoverage="100" branchCoverage="100" maxCyclomaticComplexity="1" minCyclomaticComplexity="1" maxCrapScore="1" minCrapScore="1" visitedClasses="0" numClasses="0" visitedMethods="1" numMethods="1" />
              <MetadataToken>100663319</MetadataToken>
              <Name>System.String Part1.Person::get_Name()</Name>
              <FileRef uid="10" />
              <SequencePoints>
                <SequencePoint vc="157" uspid="213" ordinal="0" offset="0" sl="32" sc="17" el="32" ec="18" bec="0" bev="0" fileid="10" />
                <SequencePoint vc="157" uspid="214" ordinal="1" offset="1" sl="32" sc="19" el="32" ec="32" bec="0" bev="0" fileid="10" />
                <SequencePoint vc="157" uspid="215" ordinal="2" offset="10" sl="32" sc="33" el="32" ec="34" bec="0" bev="0" fileid="10" />
              </SequencePoints>
              <BranchPoints />
              <MethodPoint xsi:type="SequencePoint" vc="157" uspid="213" ordinal="0" offset="0" sl="32" sc="17" el="32" ec="18" bec="0" bev="0" fileid="10" />
            </Method>
            <Method visited="true" cyclomaticComplexity="3" nPathComplexity="4" sequenceCoverage="90.91" branchCoverage="80" crapScore="3.01" isConstructor="false" isStatic="false" isGetter="false" isSetter="true">
              <Summary numSequencePoints="11" visitedSequencePoints="10" numBranchPoints="5" visitedBranchPoints="4" sequenceCoverage="90.91" branchCoverage="80" maxCyclomaticComplexity="3" minCyclomaticComplexity="3" maxCrapScore="3.01" minCrapScore="3.01" visitedClasses="0" numClasses="0" visitedMethods="1" numMethods="1" />
              <MetadataToken>100663320</MetadataToken>
              <Name>System.Void Part1.Person::set_Name(System.String)</Name>
              <FileRef uid="10" />
              <SequencePoints>
                <SequencePoint vc="121" uspid="216" ordinal="0" offset="0" sl="34" sc="13" el="34" ec="14" bec="0" bev="0" fileid="10" />
                <SequencePoint vc="121" uspid="217" ordinal="1" offset="1" sl="35" sc="17" el="35" ec="47" bec="0" bev="0" fileid="10" />
                <SequencePoint vc="121" uspid="218" ordinal="2" offset="7" sl="36" sc="22" el="36" ec="31" bec="0" bev="0" fileid="10" />
                <SequencePoint vc="776" uspid="219" ordinal="3" offset="11" sl="37" sc="17" el="37" ec="18" bec="0" bev="0" fileid="10" />
                <SequencePoint vc="776" uspid="220" ordinal="4" offset="12" sl="38" sc="21" el="38" ec="52" bec="2" bev="1" fileid="10" />
                <SequencePoint vc="0" uspid="221" ordinal="5" offset="29" sl="39" sc="25" el="39" ec="53" bec="0" bev="0" fileid="10" />
                <SequencePoint vc="776" uspid="222" ordinal="6" offset="35" sl="40" sc="17" el="40" ec="18" bec="0" bev="0" fileid="10" />
                <SequencePoint vc="776" uspid="223" ordinal="7" offset="36" sl="36" sc="51" el="36" ec="54" bec="0" bev="0" fileid="10" />
                <SequencePoint vc="897" uspid="224" ordinal="8" offset="40" sl="36" sc="33" el="36" ec="49" bec="2" bev="2" fileid="10" />
                <SequencePoint vc="121" uspid="225" ordinal="9" offset="53" sl="41" sc="17" el="41" ec="31" bec="0" bev="0" fileid="10" />
                <SequencePoint vc="121" uspid="226" ordinal="10" offset="60" sl="42" sc="13" el="42" ec="14" bec="0" bev="0" fileid="10" />
              </SequencePoints>
              <BranchPoints>
                <BranchPoint vc="0" uspid="227" ordinal="0" offset="27" sl="38" path="0" offsetend="29" fileid="10" />
                <BranchPoint vc="776" uspid="228" ordinal="1" offset="27" sl="38" path="1" offsetend="35" fileid="10" />
                <BranchPoint vc="121" uspid="229" ordinal="2" offset="51" sl="36" path="0" offsetend="53" fileid="10" />
                <BranchPoint vc="776" uspid="230" ordinal="3" offset="51" sl="36" path="1" offsetend="11" fileid="10" />
              </BranchPoints>
              <MethodPoint xsi:type="SequencePoint" vc="121" uspid="216" ordinal="0" offset="0" sl="34" sc="13" el="34" ec="14" bec="0" bev="0" fileid="10" />
            </Method>
            <Method visited="true" cyclomaticComplexity="1" nPathComplexity="0" sequenceCoverage="100" branchCoverage="100" crapScore="1" isConstructor="false" isStatic="false" isGetter="true" isSetter="false">
              <Summary numSequencePoints="3" visitedSequencePoints="3" numBranchPoints="1" visitedBranchPoints="1" sequenceCoverage="100" branchCoverage="100" maxCyclomaticComplexity="1" minCyclomaticComplexity="1" maxCrapScore="1" minCrapScore="1" visitedClasses="0" numClasses="0" visitedMethods="1" numMethods="1" />
              <MetadataToken>100663321</MetadataToken>
              <Name>System.Int32 Part1.Person::get_Age()</Name>
              <FileRef uid="10" />
              <SequencePoints>
                <SequencePoint vc="171" uspid="231" ordinal="0" offset="0" sl="46" sc="17" el="46" ec="18" bec="0" bev="0" fileid="10" />
                <SequencePoint vc="171" uspid="232" ordinal="1" offset="1" sl="46" sc="19" el="46" ec="31" bec="0" bev="0" fileid="10" />
                <SequencePoint vc="171" uspid="233" ordinal="2" offset="10" sl="46" sc="32" el="46" ec="33" bec="0" bev="0" fileid="10" />
              </SequencePoints>
              <BranchPoints />
              <MethodPoint xsi:type="SequencePoint" vc="171" uspid="231" ordinal="0" offset="0" sl="46" sc="17" el="46" ec="18" bec="0" bev="0" fileid="10" />
            </Method>
            <Method visited="true" cyclomaticComplexity="1" nPathComplexity="0" sequenceCoverage="100" branchCoverage="100" crapScore="1" isConstructor="false" isStatic="false" isGetter="false" isSetter="true">
              <Summary numSequencePoints="3" visitedSequencePoints="3" numBranchPoints="1" visitedBranchPoints="1" sequenceCoverage="100" branchCoverage="100" maxCyclomaticComplexity="1" minCyclomaticComplexity="1" maxCrapScore="1" minCrapScore="1" visitedClasses="0" numClasses="0" visitedMethods="1" numMethods="1" />
              <MetadataToken>100663322</MetadataToken>
              <Name>System.Void Part1.Person::set_Age(System.Int32)</Name>
              <FileRef uid="10" />
              <SequencePoints>
                <SequencePoint vc="122" uspid="234" ordinal="0" offset="0" sl="47" sc="17" el="47" ec="18" bec="0" bev="0" fileid="10" />
                <SequencePoint vc="122" uspid="235" ordinal="1" offset="1" sl="47" sc="19" el="47" ec="32" bec="0" bev="0" fileid="10" />
                <SequencePoint vc="122" uspid="236" ordinal="2" offset="8" sl="47" sc="33" el="47" ec="34" bec="0" bev="0" fileid="10" />
              </SequencePoints>
              <BranchPoints />
              <MethodPoint xsi:type="SequencePoint" vc="122" uspid="234" ordinal="0" offset="0" sl="47" sc="17" el="47" ec="18" bec="0" bev="0" fileid="10" />
            </Method>
            <Method visited="true" cyclomaticComplexity="1" nPathComplexity="0" sequenceCoverage="100" branchCoverage="100" crapScore="1" isConstructor="false" isStatic="false" isGetter="true" isSetter="false">
              <Summary numSequencePoints="3" visitedSequencePoints="3" numBranchPoints="1" visitedBranchPoints="1" sequenceCoverage="100" branchCoverage="100" maxCyclomaticComplexity="1" minCyclomaticComplexity="1" maxCrapScore="1" minCrapScore="1" visitedClasses="0" numClasses="0" visitedMethods="1" numMethods="1" />
              <MetadataToken>100663323</MetadataToken>
              <Name>System.String Part1.Person::get_Gender()</Name>
              <FileRef uid="10" />
              <SequencePoints>
                <SequencePoint vc="72" uspid="237" ordinal="0" offset="0" sl="51" sc="17" el="51" ec="18" bec="0" bev="0" fileid="10" />
                <SequencePoint vc="72" uspid="238" ordinal="1" offset="1" sl="51" sc="19" el="51" ec="34" bec="0" bev="0" fileid="10" />
                <SequencePoint vc="72" uspid="239" ordinal="2" offset="10" sl="51" sc="35" el="51" ec="36" bec="0" bev="0" fileid="10" />
              </SequencePoints>
              <BranchPoints />
              <MethodPoint xsi:type="SequencePoint" vc="72" uspid="237" ordinal="0" offset="0" sl="51" sc="17" el="51" ec="18" bec="0" bev="0" fileid="10" />
            </Method>
            <Method visited="true" cyclomaticComplexity="2" nPathComplexity="2" sequenceCoverage="80" branchCoverage="66.67" crapScore="2.03" isConstructor="false" isStatic="false" isGetter="false" isSetter="true">
              <Summary numSequencePoints="5" visitedSequencePoints="4" numBranchPoints="3" visitedBranchPoints="2" sequenceCoverage="80" branchCoverage="66.67" maxCyclomaticComplexity="2" minCyclomaticComplexity="2" maxCrapScore="2.03" minCrapScore="2.03" visitedClasses="0" numClasses="0" visitedMethods="1" numMethods="1" />
              <MetadataToken>100663324</MetadataToken>
              <Name>System.Void Part1.Person::set_Gender(System.String)</Name>
              <FileRef uid="10" />
              <SequencePoints>
                <SequencePoint vc="121" uspid="240" ordinal="0" offset="0" sl="53" sc="13" el="53" ec="14" bec="0" bev="0" fileid="10" />
                <SequencePoint vc="121" uspid="241" ordinal="1" offset="1" sl="54" sc="17" el="54" ec="39" bec="2" bev="1" fileid="10" />
                <SequencePoint vc="121" uspid="242" ordinal="2" offset="14" sl="55" sc="21" el="55" ec="37" bec="0" bev="0" fileid="10" />
                <SequencePoint vc="0" uspid="243" ordinal="3" offset="23" sl="57" sc="21" el="57" ec="51" bec="0" bev="0" fileid="10" />
                <SequencePoint vc="121" uspid="244" ordinal="4" offset="29" sl="58" sc="13" el="58" ec="14" bec="0" bev="0" fileid="10" />
              </SequencePoints>
              <BranchPoints>
                <BranchPoint vc="121" uspid="245" ordinal="0" offset="12" sl="54" path="0" offsetend="14" fileid="10" />
                <BranchPoint vc="0" uspid="246" ordinal="1" offset="12" sl="54" path="1" offsetend="23" fileid="10" />
              </BranchPoints>
              <MethodPoint xsi:type="SequencePoint" vc="121" uspid="240" ordinal="0" offset="0" sl="53" sc="13" el="53" ec="14" bec="0" bev="0" fileid="10" />
            </Method>
            <Method visited="true" cyclomaticComplexity="1" nPathComplexity="0" sequenceCoverage="100" branchCoverage="100" crapScore="1" isConstructor="false" isStatic="false" isGetter="true" isSetter="false">
              <Summary numSequencePoints="3" visitedSequencePoints="3" numBranchPoints="1" visitedBranchPoints="1" sequenceCoverage="100" branchCoverage="100" maxCyclomaticComplexity="1" minCyclomaticComplexity="1" maxCrapScore="1" minCrapScore="1" visitedClasses="0" numClasses="0" visitedMethods="1" numMethods="1" />
              <MetadataToken>100663325</MetadataToken>
              <Name>System.Int32 Part1.Person::get_Counter()</Name>
              <FileRef uid="10" />
              <SequencePoints>
                <SequencePoint vc="1" uspid="247" ordinal="0" offset="0" sl="62" sc="17" el="62" ec="18" bec="0" bev="0" fileid="10" />
                <SequencePoint vc="1" uspid="248" ordinal="1" offset="1" sl="62" sc="19" el="62" ec="35" bec="0" bev="0" fileid="10" />
                <SequencePoint vc="1" uspid="249" ordinal="2" offset="9" sl="62" sc="36" el="62" ec="37" bec="0" bev="0" fileid="10" />
              </SequencePoints>
              <BranchPoints />
              <MethodPoint xsi:type="SequencePoint" vc="1" uspid="247" ordinal="0" offset="0" sl="62" sc="17" el="62" ec="18" bec="0" bev="0" fileid="10" />
            </Method>
            <Method visited="true" cyclomaticComplexity="1" nPathComplexity="0" sequenceCoverage="100" branchCoverage="100" crapScore="1" isConstructor="true" isStatic="false" isGetter="false" isSetter="false">
              <Summary numSequencePoints="10" visitedSequencePoints="10" numBranchPoints="1" visitedBranchPoints="1" sequenceCoverage="100" branchCoverage="100" maxCyclomaticComplexity="1" minCyclomaticComplexity="1" maxCrapScore="1" minCrapScore="1" visitedClasses="0" numClasses="0" visitedMethods="1" numMethods="1" />
              <MetadataToken>100663326</MetadataToken>
              <Name>System.Void Part1.Person::.ctor()</Name>
              <FileRef uid="10" />
              <SequencePoints>
                <SequencePoint vc="30" uspid="250" ordinal="0" offset="0" sl="64" sc="9" el="64" ec="24" bec="0" bev="0" fileid="10" />
                <SequencePoint vc="30" uspid="251" ordinal="1" offset="7" sl="65" sc="9" el="65" ec="10" bec="0" bev="0" fileid="10" />
                <SequencePoint vc="30" uspid="252" ordinal="2" offset="8" sl="66" sc="13" el="66" ec="32" bec="0" bev="0" fileid="10" />
                <SequencePoint vc="30" uspid="253" ordinal="3" offset="15" sl="67" sc="13" el="67" ec="23" bec="0" bev="0" fileid="10" />
                <SequencePoint vc="30" uspid="254" ordinal="4" offset="23" sl="68" sc="13" el="68" ec="27" bec="0" bev="0" fileid="10" />
                <SequencePoint vc="30" uspid="255" ordinal="5" offset="34" sl="69" sc="13" el="69" ec="24" bec="0" bev="0" fileid="10" />
                <SequencePoint vc="30" uspid="256" ordinal="6" offset="45" sl="70" sc="13" el="70" ec="22" bec="0" bev="0" fileid="10" />
                <SequencePoint vc="30" uspid="257" ordinal="7" offset="52" sl="71" sc="13" el="71" ec="26" bec="0" bev="0" fileid="10" />
                <SequencePoint vc="30" uspid="258" ordinal="8" offset="63" sl="72" sc="13" el="72" ec="24" bec="0" bev="0" fileid="10" />
                <SequencePoint vc="30" uspid="259" ordinal="9" offset="75" sl="73" sc="9" el="73" ec="10" bec="0" bev="0" fileid="10" />
              </SequencePoints>
              <BranchPoints />
              <MethodPoint xsi:type="SequencePoint" vc="30" uspid="250" ordinal="0" offset="0" sl="64" sc="9" el="64" ec="24" bec="0" bev="0" fileid="10" />
            </Method>
            <Method visited="true" cyclomaticComplexity="1" nPathComplexity="0" sequenceCoverage="100" branchCoverage="100" crapScore="1" isConstructor="true" isStatic="false" isGetter="false" isSetter="false">
              <Summary numSequencePoints="10" visitedSequencePoints="10" numBranchPoints="1" visitedBranchPoints="1" sequenceCoverage="100" branchCoverage="100" maxCyclomaticComplexity="1" minCyclomaticComplexity="1" maxCrapScore="1" minCrapScore="1" visitedClasses="0" numClasses="0" visitedMethods="1" numMethods="1" />
              <MetadataToken>100663327</MetadataToken>
              <Name>System.Void Part1.Person::.ctor(System.Int32,System.String,System.String,System.Int32,System.String)</Name>
              <FileRef uid="10" />
              <SequencePoints>
                <SequencePoint vc="121" uspid="260" ordinal="0" offset="0" sl="74" sc="9" el="74" ec="80" bec="0" bev="0" fileid="10" />
                <SequencePoint vc="121" uspid="261" ordinal="1" offset="7" sl="75" sc="9" el="75" ec="10" bec="0" bev="0" fileid="10" />
                <SequencePoint vc="121" uspid="262" ordinal="2" offset="8" sl="76" sc="13" el="76" ec="33" bec="0" bev="0" fileid="10" />
                <SequencePoint vc="121" uspid="263" ordinal="3" offset="15" sl="77" sc="13" el="77" ec="23" bec="0" bev="0" fileid="10" />
                <SequencePoint vc="121" uspid="264" ordinal="4" offset="23" sl="78" sc="13" el="78" ec="31" bec="0" bev="0" fileid="10" />
                <SequencePoint vc="121" uspid="265" ordinal="5" offset="31" sl="79" sc="13" el="79" ec="25" bec="0" bev="0" fileid="10" />
                <SequencePoint vc="121" uspid="266" ordinal="6" offset="39" sl="80" sc="13" el="80" ec="23" bec="0" bev="0" fileid="10" />
                <SequencePoint vc="121" uspid="267" ordinal="7" offset="48" sl="81" sc="13" el="81" ec="26" bec="0" bev="0" fileid="10" />
                <SequencePoint vc="121" uspid="268" ordinal="8" offset="57" sl="82" sc="13" el="82" ec="24" bec="0" bev="0" fileid="10" />
                <SequencePoint vc="121" uspid="269" ordinal="9" offset="69" sl="83" sc="9" el="83" ec="10" bec="0" bev="0" fileid="10" />
              </SequencePoints>
              <BranchPoints />
              <MethodPoint xsi:type="SequencePoint" vc="121" uspid="260" ordinal="0" offset="0" sl="74" sc="9" el="74" ec="80" bec="0" bev="0" fileid="10" />
            </Method>
            <Method visited="true" cyclomaticComplexity="2" nPathComplexity="2" sequenceCoverage="100" branchCoverage="100" crapScore="2" isConstructor="false" isStatic="false" isGetter="false" isSetter="false">
              <Summary numSequencePoints="18" visitedSequencePoints="18" numBranchPoints="3" visitedBranchPoints="3" sequenceCoverage="100" branchCoverage="100" maxCyclomaticComplexity="2" minCyclomaticComplexity="2" maxCrapScore="2" minCrapScore="2" visitedClasses="0" numClasses="0" visitedMethods="1" numMethods="1" />
              <MetadataToken>100663328</MetadataToken>
              <Name>System.Object Part1.Person::RandomCreate()</Name>
              <FileRef uid="10" />
              <SequencePoints>
                <SequencePoint vc="14" uspid="270" ordinal="0" offset="0" sl="85" sc="9" el="85" ec="10" bec="0" bev="0" fileid="10" />
                <SequencePoint vc="14" uspid="271" ordinal="1" offset="1" sl="86" sc="13" el="86" ec="50" bec="0" bev="0" fileid="10" />
                <SequencePoint vc="14" uspid="272" ordinal="2" offset="7" sl="87" sc="13" el="87" ec="117" bec="0" bev="0" fileid="10" />
                <SequencePoint vc="14" uspid="273" ordinal="3" offset="78" sl="88" sc="17" el="88" ec="105" bec="0" bev="0" fileid="10" />
                <SequencePoint vc="14" uspid="274" ordinal="4" offset="141" sl="89" sc="17" el="89" ec="110" bec="0" bev="0" fileid="10" />
                <SequencePoint vc="14" uspid="275" ordinal="5" offset="204" sl="90" sc="17" el="90" ec="112" bec="0" bev="0" fileid="10" />
                <SequencePoint vc="14" uspid="276" ordinal="6" offset="260" sl="92" sc="13" el="92" ec="41" bec="0" bev="0" fileid="10" />
                <SequencePoint vc="14" uspid="277" ordinal="7" offset="274" sl="93" sc="13" el="93" ec="29" bec="2" bev="2" fileid="10" />
                <SequencePoint vc="4" uspid="278" ordinal="8" offset="285" sl="94" sc="13" el="94" ec="14" bec="0" bev="0" fileid="10" />
                <SequencePoint vc="4" uspid="279" ordinal="9" offset="286" sl="95" sc="17" el="96" ec="90" bec="0" bev="0" fileid="10" />
                <SequencePoint vc="4" uspid="280" ordinal="10" offset="364" sl="97" sc="17" el="97" ec="53" bec="0" bev="0" fileid="10" />
                <SequencePoint vc="4" uspid="281" ordinal="11" offset="367" sl="98" sc="13" el="98" ec="14" bec="0" bev="0" fileid="10" />
                <SequencePoint vc="10" uspid="282" ordinal="12" offset="370" sl="100" sc="13" el="100" ec="14" bec="0" bev="0" fileid="10" />
                <SequencePoint vc="10" uspid="283" ordinal="13" offset="371" sl="101" sc="17" el="102" ec="94" bec="0" bev="0" fileid="10" />
                <SequencePoint vc="10" uspid="284" ordinal="14" offset="451" sl="103" sc="17" el="103" ec="53" bec="0" bev="0" fileid="10" />
                <SequencePoint vc="10" uspid="285" ordinal="15" offset="454" sl="104" sc="13" el="104" ec="14" bec="0" bev="0" fileid="10" />
                <SequencePoint vc="14" uspid="286" ordinal="16" offset="455" sl="105" sc="13" el="105" ec="35" bec="0" bev="0" fileid="10" />
                <SequencePoint vc="14" uspid="287" ordinal="17" offset="460" sl="106" sc="9" el="106" ec="10" bec="0" bev="0" fileid="10" />
              </SequencePoints>
              <BranchPoints>
                <BranchPoint vc="4" uspid="288" ordinal="0" offset="283" sl="93" path="0" offsetend="285" fileid="10" />
                <BranchPoint vc="10" uspid="289" ordinal="1" offset="283" sl="93" path="1" offsetend="370" fileid="10" />
              </BranchPoints>
              <MethodPoint xsi:type="SequencePoint" vc="14" uspid="270" ordinal="0" offset="0" sl="85" sc="9" el="85" ec="10" bec="0" bev="0" fileid="10" />
            </Method>
            <Method visited="true" cyclomaticComplexity="1" nPathComplexity="0" sequenceCoverage="100" branchCoverage="100" crapScore="1" isConstructor="false" isStatic="false" isGetter="false" isSetter="false">
[...]
                <SequencePoint vc="1" uspid="1358" ordinal="4" offset="30" sl="22" sc="13" el="22" ec="68" bec="0" bev="0" fileid="22" />
                <SequencePoint vc="1" uspid="1359" ordinal="5" offset="41" sl="23" sc="13" el="23" ec="68" bec="0" bev="0" fileid="22" />
                <SequencePoint vc="1" uspid="1360" ordinal="6" offset="52" sl="24" sc="9" el="24" ec="10" bec="0" bev="0" fileid="22" />
              </SequencePoints>
              <BranchPoints />
              <MethodPoint xsi:type="SequencePoint" vc="1" uspid="1354" ordinal="0" offset="0" sl="18" sc="9" el="18" ec="33" bec="0" bev="0" fileid="22" />
            </Method>
            <Method visited="true" cyclomaticComplexity="2" nPathComplexity="2" sequenceCoverage="100" branchCoverage="100" crapScore="2" isConstructor="true" isStatic="false" isGetter="false" isSetter="false">
              <Summary numSequencePoints="18" visitedSequencePoints="18" numBranchPoints="3" visitedBranchPoints="3" sequenceCoverage="100" branchCoverage="100" maxCyclomaticComplexity="2" minCyclomaticComplexity="2" maxCrapScore="2" minCrapScore="2" visitedClasses="0" numClasses="0" visitedMethods="1" numMethods="1" />
              <MetadataToken>100663320</MetadataToken>
              <Name>System.Void Part3.TestCollections::.ctor(System.Int32)</Name>
              <FileRef uid="22" />
              <SequencePoints>
                <SequencePoint vc="1" uspid="1361" ordinal="0" offset="0" sl="25" sc="9" el="25" ec="42" bec="0" bev="0" fileid="22" />
                <SequencePoint vc="1" uspid="1362" ordinal="1" offset="7" sl="26" sc="9" el="26" ec="10" bec="0" bev="0" fileid="22" />
                <SequencePoint vc="1" uspid="1363" ordinal="2" offset="8" sl="27" sc="13" el="27" ec="44" bec="0" bev="0" fileid="22" />
                <SequencePoint vc="1" uspid="1364" ordinal="3" offset="19" sl="28" sc="13" el="28" ec="40" bec="0" bev="0" fileid="22" />
                <SequencePoint vc="1" uspid="1365" ordinal="4" offset="30" sl="29" sc="13" el="29" ec="68" bec="0" bev="0" fileid="22" />
                <SequencePoint vc="1" uspid="1366" ordinal="5" offset="41" sl="30" sc="13" el="30" ec="68" bec="0" bev="0" fileid="22" />
                <SequencePoint vc="1" uspid="1367" ordinal="6" offset="52" sl="31" sc="18" el="31" ec="27" bec="0" bev="0" fileid="22" />
                <SequencePoint vc="10" uspid="1368" ordinal="7" offset="56" sl="32" sc="13" el="32" ec="14" bec="0" bev="0" fileid="22" />
                <SequencePoint vc="10" uspid="1369" ordinal="8" offset="57" sl="33" sc="17" el="33" ec="51" bec="0" bev="0" fileid="22" />
                <SequencePoint vc="10" uspid="1370" ordinal="9" offset="63" sl="34" sc="17" el="34" ec="51" bec="0" bev="0" fileid="22" />
                <SequencePoint vc="10" uspid="1371" ordinal="10" offset="75" sl="36" sc="17" el="36" ec="48" bec="0" bev="0" fileid="22" />
                <SequencePoint vc="10" uspid="1372" ordinal="11" offset="93" sl="37" sc="17" el="37" ec="55" bec="0" bev="0" fileid="22" />
                <SequencePoint vc="10" uspid="1373" ordinal="12" offset="116" sl="38" sc="17" el="38" ec="58" bec="0" bev="0" fileid="22" />
                <SequencePoint vc="10" uspid="1374" ordinal="13" offset="140" sl="39" sc="17" el="39" ec="47" bec="0" bev="0" fileid="22" />
                <SequencePoint vc="10" uspid="1375" ordinal="14" offset="159" sl="41" sc="13" el="41" ec="14" bec="0" bev="0" fileid="22" />
                <SequencePoint vc="10" uspid="1376" ordinal="15" offset="160" sl="31" sc="40" el="31" ec="43" bec="0" bev="0" fileid="22" />
                <SequencePoint vc="11" uspid="1377" ordinal="16" offset="164" sl="31" sc="29" el="31" ec="38" bec="2" bev="2" fileid="22" />
                <SequencePoint vc="1" uspid="1378" ordinal="17" offset="172" sl="42" sc="9" el="42" ec="10" bec="0" bev="0" fileid="22" />
              </SequencePoints>
              <BranchPoints>
                <BranchPoint vc="1" uspid="1379" ordinal="0" offset="170" sl="31" path="0" offsetend="172" fileid="22" />
                <BranchPoint vc="10" uspid="1380" ordinal="1" offset="170" sl="31" path="1" offsetend="56" fileid="22" />
              </BranchPoints>
              <MethodPoint xsi:type="SequencePoint" vc="1" uspid="1361" ordinal="0" offset="0" sl="25" sc="9" el="25" ec="42" bec="0" bev="0" fileid="22" />
            </Method>
            <Method visited="true" cyclomaticComplexity="1" nPathComplexity="0" sequenceCoverage="100" branchCoverage="100" crapScore="1" isConstructor="false" isStatic="false" isGetter="false" isSetter="false">
              <Summary numSequencePoints="6" visitedSequencePoints="6" numBranchPoints="1" visitedBranchPoints="1" sequenceCoverage="100" branchCoverage="100" maxCyclomaticComplexity="1" minCyclomaticComplexity="1" maxCrapScore="1" minCrapScore="1" visitedClasses="0" numClasses="0" visitedMethods="1" numMethods="1" />
              <MetadataToken>100663321</MetadataToken>
              <Name>System.Void Part3.TestCollections::AddElement(Part1.Schoolchild)</Name>
              <FileRef uid="22" />
              <SequencePoints>
                <SequencePoint vc="2" uspid="1381" ordinal="0" offset="0" sl="44" sc="9" el="44" ec="10" bec="0" bev="0" fileid="22" />
                <SequencePoint vc="2" uspid="1382" ordinal="1" offset="1" sl="45" sc="13" el="45" ec="48" bec="0" bev="0" fileid="22" />
                <SequencePoint vc="2" uspid="1383" ordinal="2" offset="19" sl="46" sc="13" el="46" ec="55" bec="0" bev="0" fileid="22" />
                <SequencePoint vc="2" uspid="1384" ordinal="3" offset="42" sl="47" sc="13" el="47" ec="51" bec="0" bev="0" fileid="22" />
                <SequencePoint vc="2" uspid="1385" ordinal="4" offset="61" sl="48" sc="13" el="48" ec="62" bec="0" bev="0" fileid="22" />
                <SequencePoint vc="2" uspid="1386" ordinal="5" offset="85" sl="49" sc="9" el="49" ec="10" bec="0" bev="0" fileid="22" />
              </SequencePoints>
              <BranchPoints />
              <MethodPoint xsi:type="SequencePoint" vc="2" uspid="1381" ordinal="0" offset="0" sl="44" sc="9" el="44" ec="10" bec="0" bev="0" fileid="22" />
            </Method>
            <Method visited="true" cyclomaticComplexity="8" nPathComplexity="32" sequenceCoverage="98.11" branchCoverage="90.91" crapScore="8.00" isConstructor="false" isStatic="false" isGetter="false" isSetter="false">
              <Summary numSequencePoints="53" visitedSequencePoints="52" numBranchPoints="11" visitedBranchPoints="10" sequenceCoverage="98.11" branchCoverage="90.91" maxCyclomaticComplexity="8" minCyclomaticComplexity="8" maxCrapScore="8.00" minCrapScore="8.00" visitedClasses="0" numClasses="0" visitedMethods="1" numMethods="1" />
              <MetadataToken>100663322</MetadataToken>
              <Name>System.Void Part3.TestCollections::RemoveElement(Part1.Person)</Name>
              <FileRef uid="22" />
              <SequencePoints>
                <SequencePoint vc="1" uspid="1387" ordinal="0" offset="0" sl="51" sc="9" el="51" ec="10" bec="0" bev="0" fileid="22" />
                <SequencePoint vc="1" uspid="1388" ordinal="1" offset="1" sl="52" sc="13" el="52" ec="62" bec="0" bev="0" fileid="22" />
                <SequencePoint vc="1" uspid="1389" ordinal="2" offset="7" sl="53" sc="13" el="53" ec="39" bec="0" bev="0" fileid="22" />
                <SequencePoint vc="1" uspid="1390" ordinal="3" offset="19" sl="53" sc="41" el="53" ec="56" bec="0" bev="0" fileid="22" />
                <SequencePoint vc="1" uspid="1391" ordinal="4" offset="21" sl="54" sc="18" el="54" ec="27" bec="0" bev="0" fileid="22" />
                <SequencePoint vc="2" uspid="1392" ordinal="5" offset="25" sl="55" sc="13" el="55" ec="14" bec="0" bev="0" fileid="22" />
                <SequencePoint vc="2" uspid="1393" ordinal="6" offset="26" sl="56" sc="17" el="56" ec="50" bec="2" bev="2" fileid="22" />
                <SequencePoint vc="1" uspid="1394" ordinal="7" offset="49" sl="57" sc="17" el="57" ec="18" bec="0" bev="0" fileid="22" />
                <SequencePoint vc="1" uspid="1395" ordinal="8" offset="50" sl="58" sc="21" el="58" ec="62" bec="0" bev="0" fileid="22" />
                <SequencePoint vc="1" uspid="1396" ordinal="9" offset="68" sl="59" sc="17" el="59" ec="18" bec="0" bev="0" fileid="22" />
                <SequencePoint vc="1" uspid="1397" ordinal="10" offset="71" sl="61" sc="17" el="61" ec="18" bec="0" bev="0" fileid="22" />
                <SequencePoint vc="1" uspid="1398" ordinal="11" offset="72" sl="62" sc="21" el="62" ec="40" bec="0" bev="0" fileid="22" />
                <SequencePoint vc="1" uspid="1399" ordinal="12" offset="84" sl="63" sc="21" el="63" ec="35" bec="0" bev="0" fileid="22" />
                <SequencePoint vc="1" uspid="1400" ordinal="13" offset="88" sl="64" sc="17" el="64" ec="18" bec="0" bev="0" fileid="22" />
                <SequencePoint vc="2" uspid="1401" ordinal="14" offset="89" sl="65" sc="13" el="65" ec="14" bec="0" bev="0" fileid="22" />
                <SequencePoint vc="2" uspid="1402" ordinal="15" offset="90" sl="54" sc="40" el="54" ec="43" bec="0" bev="0" fileid="22" />
                <SequencePoint vc="3" uspid="1403" ordinal="16" offset="94" sl="54" sc="29" el="54" ec="38" bec="2" bev="2" fileid="22" />
                <SequencePoint vc="1" uspid="1404" ordinal="17" offset="104" sl="67" sc="13" el="67" ec="20" bec="0" bev="0" fileid="22" />
                <SequencePoint vc="1" uspid="1405" ordinal="18" offset="105" sl="67" sc="34" el="67" ec="46" bec="0" bev="0" fileid="22" />
                <SequencePoint vc="1" uspid="1406" ordinal="19" offset="115" sl="67" sc="22" el="67" ec="30" bec="0" bev="0" fileid="22" />
                <SequencePoint vc="1" uspid="1407" ordinal="20" offset="124" sl="68" sc="13" el="68" ec="14" bec="0" bev="0" fileid="22" />
                <SequencePoint vc="1" uspid="1408" ordinal="21" offset="125" sl="69" sc="17" el="69" ec="40" bec="0" bev="0" fileid="22" />
                <SequencePoint vc="1" uspid="1409" ordinal="22" offset="139" sl="70" sc="13" el="70" ec="14" bec="0" bev="0" fileid="22" />
                <SequencePoint vc="2" uspid="1410" ordinal="23" offset="140" sl="67" sc="31" el="67" ec="33" bec="0" bev="0" fileid="22" />
                <SequencePoint vc="1" uspid="1411" ordinal="24" offset="166" sl="72" sc="13" el="72" ec="34" bec="2" bev="1" fileid="22" />
                <SequencePoint vc="1" uspid="1412" ordinal="25" offset="179" sl="73" sc="13" el="73" ec="14" bec="0" bev="0" fileid="22" />
                <SequencePoint vc="1" uspid="1413" ordinal="26" offset="180" sl="74" sc="17" el="74" ec="59" bec="0" bev="0" fileid="22" />
                <SequencePoint vc="1" uspid="1414" ordinal="27" offset="191" sl="75" sc="17" el="75" ec="62" bec="0" bev="0" fileid="22" />
                <SequencePoint vc="1" uspid="1415" ordinal="28" offset="198" sl="76" sc="17" el="76" ec="54" bec="0" bev="0" fileid="22" />
                <SequencePoint vc="1" uspid="1416" ordinal="29" offset="206" sl="78" sc="22" el="78" ec="31" bec="0" bev="0" fileid="22" />
                <SequencePoint vc="2" uspid="1417" ordinal="30" offset="211" sl="79" sc="17" el="79" ec="18" bec="0" bev="0" fileid="22" />
                <SequencePoint vc="2" uspid="1418" ordinal="31" offset="212" sl="80" sc="21" el="80" ec="47" bec="2" bev="2" fileid="22" />
                <SequencePoint vc="1" uspid="1419" ordinal="32" offset="236" sl="81" sc="21" el="81" ec="22" bec="0" bev="0" fileid="22" />
                <SequencePoint vc="1" uspid="1420" ordinal="33" offset="237" sl="82" sc="25" el="82" ec="58" bec="0" bev="0" fileid="22" />
                <SequencePoint vc="1" uspid="1421" ordinal="34" offset="256" sl="83" sc="21" el="83" ec="22" bec="0" bev="0" fileid="22" />
                <SequencePoint vc="1" uspid="1422" ordinal="35" offset="259" sl="85" sc="21" el="85" ec="22" bec="0" bev="0" fileid="22" />
                <SequencePoint vc="1" uspid="1423" ordinal="36" offset="260" sl="86" sc="25" el="86" ec="40" bec="0" bev="0" fileid="22" />
                <SequencePoint vc="1" uspid="1424" ordinal="37" offset="272" sl="87" sc="21" el="87" ec="22" bec="0" bev="0" fileid="22" />
                <SequencePoint vc="2" uspid="1425" ordinal="38" offset="273" sl="88" sc="17" el="88" ec="18" bec="0" bev="0" fileid="22" />
                <SequencePoint vc="2" uspid="1426" ordinal="39" offset="274" sl="78" sc="44" el="78" ec="47" bec="0" bev="0" fileid="22" />
                <SequencePoint vc="3" uspid="1427" ordinal="40" offset="280" sl="78" sc="33" el="78" ec="42" bec="2" bev="2" fileid="22" />
                <SequencePoint vc="1" uspid="1428" ordinal="41" offset="291" sl="90" sc="17" el="90" ec="24" bec="0" bev="0" fileid="22" />
                <SequencePoint vc="1" uspid="1429" ordinal="42" offset="292" sl="90" sc="38" el="90" ec="46" bec="0" bev="0" fileid="22" />
                <SequencePoint vc="1" uspid="1430" ordinal="43" offset="303" sl="90" sc="26" el="90" ec="34" bec="0" bev="0" fileid="22" />
                <SequencePoint vc="1" uspid="1431" ordinal="44" offset="312" sl="91" sc="17" el="91" ec="18" bec="0" bev="0" fileid="22" />
                <SequencePoint vc="1" uspid="1432" ordinal="45" offset="313" sl="92" sc="21" el="92" ec="40" bec="0" bev="0" fileid="22" />
                <SequencePoint vc="1" uspid="1433" ordinal="46" offset="327" sl="93" sc="17" el="93" ec="18" bec="0" bev="0" fileid="22" />
                <SequencePoint vc="2" uspid="1434" ordinal="47" offset="328" sl="90" sc="35" el="90" ec="37" bec="0" bev="0" fileid="22" />
                <SequencePoint vc="1" uspid="1435" ordinal="48" offset="354" sl="95" sc="17" el="95" ec="44" bec="0" bev="0" fileid="22" />
                <SequencePoint vc="1" uspid="1436" ordinal="49" offset="367" sl="96" sc="17" el="96" ec="41" bec="0" bev="0" fileid="22" />
                <SequencePoint vc="1" uspid="1437" ordinal="50" offset="381" sl="97" sc="13" el="97" ec="14" bec="0" bev="0" fileid="22" />
                <SequencePoint vc="0" uspid="1438" ordinal="51" offset="384" sl="99" sc="17" el="99" ec="69" bec="0" bev="0" fileid="22" />
                <SequencePoint vc="1" uspid="1439" ordinal="52" offset="395" sl="100" sc="9" el="100" ec="10" bec="0" bev="0" fileid="22" />
              </SequencePoints>
              <BranchPoints>
                <BranchPoint vc="1" uspid="1440" ordinal="0" offset="47" sl="56" path="0" offsetend="49" fileid="22" />
                <BranchPoint vc="1" uspid="1441" ordinal="1" offset="47" sl="56" path="1" offsetend="71" fileid="22" />
                <BranchPoint vc="1" uspid="1442" ordinal="2" offset="102" sl="54" path="0" offsetend="104" fileid="22" />
                <BranchPoint vc="2" uspid="1443" ordinal="3" offset="102" sl="54" path="1" offsetend="25" fileid="22" />
                <BranchPoint vc="1" uspid="1446" ordinal="6" offset="174" sl="72" path="0" offsetend="179" fileid="22" />
                <BranchPoint vc="0" uspid="1447" ordinal="7" offset="174" sl="72" path="1" offsetend="384" fileid="22" />
                <BranchPoint vc="1" uspid="1448" ordinal="8" offset="234" sl="80" path="0" offsetend="236" fileid="22" />
                <BranchPoint vc="1" uspid="1449" ordinal="9" offset="234" sl="80" path="1" offsetend="259" fileid="22" />
                <BranchPoint vc="1" uspid="1450" ordinal="10" offset="289" sl="78" path="0" offsetend="291" fileid="22" />
                <BranchPoint vc="2" uspid="1451" ordinal="11" offset="289" sl="78" path="1" offsetend="211" fileid="22" />
              </BranchPoints>
              <MethodPoint xsi:type="SequencePoint" vc="1" uspid="1387" ordinal="0" offset="0" sl="51" sc="9" el="51" ec="10" bec="0" bev="0" fileid="22" />
            </Method>
            <Method visited="false" cyclomaticComplexity="3" nPathComplexity="0" sequenceCoverage="0" branchCoverage="0" crapScore="12" isConstructor="false" isStatic="false" isGetter="false" isSetter="false">
              <Summary numSequencePoints="20" visitedSequencePoints="0" numBranchPoints="1" visitedBranchPoints="0" sequenceCoverage="0" branchCoverage="0" maxCyclomaticComplexity="3" minCyclomaticComplexity="3" maxCrapScore="12" minCrapScore="12" visitedClasses="0" numClasses="0" visitedMethods="0" numMethods="1" />
              <MetadataToken>100663323</MetadataToken>
              <Name>System.Void Part3.TestCollections::ShowCollections()</Name>
              <FileRef uid="22" />
              <SequencePoints>
                <SequencePoint vc="0" uspid="1454" ordinal="0" offset="0" sl="102" sc="9" el="102" ec="10" bec="0" bev="0" fileid="22" />
                <SequencePoint vc="0" uspid="1455" ordinal="1" offset="1" sl="103" sc="13" el="103" ec="48" bec="0" bev="0" fileid="22" />
                <SequencePoint vc="0" uspid="1456" ordinal="2" offset="12" sl="104" sc="13" el="104" ec="20" bec="0" bev="0" fileid="22" />
                <SequencePoint vc="0" uspid="1457" ordinal="3" offset="13" sl="104" sc="34" el="104" ec="42" bec="0" bev="0" fileid="22" />
                <SequencePoint vc="0" uspid="1458" ordinal="4" offset="27" sl="104" sc="22" el="104" ec="30" bec="0" bev="0" fileid="22" />
                <SequencePoint vc="0" uspid="1459" ordinal="5" offset="35" sl="105" sc="13" el="105" ec="14" bec="0" bev="0" fileid="22" />
                <SequencePoint vc="0" uspid="1460" ordinal="6" offset="36" sl="106" sc="17" el="106" ec="52" bec="0" bev="0" fileid="22" />
                <SequencePoint vc="0" uspid="1461" ordinal="7" offset="48" sl="107" sc="13" el="107" ec="14" bec="0" bev="0" fileid="22" />
                <SequencePoint vc="0" uspid="1462" ordinal="8" offset="49" sl="104" sc="31" el="104" ec="33" bec="0" bev="0" fileid="22" />
                <SequencePoint vc="0" uspid="1463" ordinal="9" offset="75" sl="108" sc="13" el="108" ec="39" bec="0" bev="0" fileid="22" />
                <SequencePoint vc="0" uspid="1464" ordinal="10" offset="86" sl="110" sc="13" el="110" ec="48" bec="0" bev="0" fileid="22" />
                <SequencePoint vc="0" uspid="1465" ordinal="11" offset="97" sl="111" sc="13" el="111" ec="20" bec="0" bev="0" fileid="22" />
                <SequencePoint vc="0" uspid="1466" ordinal="12" offset="98" sl="111" sc="34" el="111" ec="42" bec="0" bev="0" fileid="22" />
                <SequencePoint vc="0" uspid="1467" ordinal="13" offset="112" sl="111" sc="22" el="111" ec="30" bec="0" bev="0" fileid="22" />
                <SequencePoint vc="0" uspid="1468" ordinal="14" offset="120" sl="112" sc="13" el="112" ec="14" bec="0" bev="0" fileid="22" />
                <SequencePoint vc="0" uspid="1469" ordinal="15" offset="121" sl="113" sc="17" el="113" ec="103" bec="0" bev="0" fileid="22" />
                <SequencePoint vc="0" uspid="1470" ordinal="16" offset="166" sl="114" sc="13" el="114" ec="14" bec="0" bev="0" fileid="22" />
                <SequencePoint vc="0" uspid="1471" ordinal="17" offset="167" sl="111" sc="31" el="111" ec="33" bec="0" bev="0" fileid="22" />
                <SequencePoint vc="0" uspid="1472" ordinal="18" offset="193" sl="115" sc="13" el="115" ec="37" bec="0" bev="0" fileid="22" />
                <SequencePoint vc="0" uspid="1473" ordinal="19" offset="204" sl="116" sc="9" el="116" ec="10" bec="0" bev="0" fileid="22" />
              </SequencePoints>
              <BranchPoints />
              <MethodPoint xsi:type="SequencePoint" vc="0" uspid="1454" ordinal="0" offset="0" sl="102" sc="9" el="102" ec="10" bec="0" bev="0" fileid="22" />
            </Method>
          </Methods>
        </Class>
      </Classes>
    </Module>
  </Modules>
</CoverageSession>